<?xml version="1.0" encoding="UTF-8"?>
<!-- Generated by org.testng.reporters.JUnitReportReporter -->
<testsuite skipped="0" hostname="DESKTOP-JDGVO00" name="Day_35_Execute_Failed_TestCases.OrangeHRMTest" tests="1" failures="0" timestamp="2021-05-10T09:08:30 IST" time="6.106" errors="0">
  <testcase name="Open_OrangeHRM" time="6.106" classname="Day_35_Execute_Failed_TestCases.OrangeHRMTest"/>
  <system-out/>
</testsuite> <!-- Day_35_Execute_Failed_TestCases.OrangeHRMTest -->
