<?xml version="1.0" encoding="UTF-8"?>
<!-- Generated by org.testng.reporters.JUnitReportReporter -->
<testsuite skipped="0" hostname="DESKTOP-JDGVO00" name="subha.suba_addjobs" tests="1" failures="0" timestamp="2021-01-23T14:18:12 IST" time="33.563" errors="0">
  <testcase name="addjobs" time="33.563" classname="subha.suba_addjobs"/>
  <system-out/>
</testsuite> <!-- subha.suba_addjobs -->
