<?xml version="1.0" encoding="UTF-8"?>
<!-- Generated by org.testng.reporters.JUnitReportReporter -->
<testsuite skipped="0" hostname="DESKTOP-JDGVO00" name="BBB.OrangeHRM_DataProvider_Lab1" tests="5" failures="0" timestamp="2021-05-26T09:25:29 IST" time="70.857" errors="0">
  <testcase name="Test1" time="14.755" classname="BBB.OrangeHRM_DataProvider_Lab1"/>
  <system-out/>
  <testcase name="Test1" time="13.868" classname="BBB.OrangeHRM_DataProvider_Lab1"/>
  <system-out/>
  <testcase name="Test1" time="14.167" classname="BBB.OrangeHRM_DataProvider_Lab1"/>
  <system-out/>
  <testcase name="Test1" time="13.849" classname="BBB.OrangeHRM_DataProvider_Lab1"/>
  <system-out/>
  <testcase name="Test1" time="14.218" classname="BBB.OrangeHRM_DataProvider_Lab1"/>
  <system-out/>
</testsuite> <!-- BBB.OrangeHRM_DataProvider_Lab1 -->
