<?xml version="1.0" encoding="UTF-8"?>
<!-- Generated by org.testng.reporters.JUnitReportReporter -->
<testsuite skipped="0" hostname="DESKTOP-JDGVO00" name="DAY045_CSS_Selectors.TC03_Attribute" tests="1" failures="0" timestamp="2021-03-01T12:47:52 IST" time="12.119" errors="0">
  <testcase name="Test2" time="12.119" classname="DAY045_CSS_Selectors.TC03_Attribute"/>
  <system-out/>
</testsuite> <!-- DAY045_CSS_Selectors.TC03_Attribute -->
