<?xml version="1.0" encoding="UTF-8"?>
<!-- Generated by org.testng.reporters.JUnitReportReporter -->
<testsuite skipped="0" hostname="DESKTOP-JDGVO00" name="ABC_Demo1.TC01_Test2_Parameter" tests="2" failures="0" timestamp="2021-02-23T08:45:03 IST" time="36.667" errors="0">
  <testcase name="AddSkillsTest" time="16.865" classname="ABC_Demo1.TC01_Test2_Parameter"/>
  <system-out/>
  <testcase name="AddSkillsTest" time="19.802" classname="ABC_Demo1.TC01_Test2_Parameter"/>
  <system-out/>
</testsuite> <!-- ABC_Demo1.TC01_Test2_Parameter -->
