<?xml version="1.0" encoding="UTF-8"?>
<!-- Generated by org.testng.reporters.JUnitReportReporter -->
<testsuite skipped="0" hostname="DESKTOP-JDGVO00" name="Day_003_Locators.TC04_linkText" tests="1" failures="0" timestamp="2021-04-19T08:57:01 IST" time="12.368" errors="0">
  <testcase name="testTC02" time="12.368" classname="Day_003_Locators.TC04_linkText"/>
  <system-out/>
</testsuite> <!-- Day_003_Locators.TC04_linkText -->
