<?xml version="1.0" encoding="UTF-8"?>
<!-- Generated by org.testng.reporters.JUnitReportReporter -->
<testsuite skipped="0" hostname="DESKTOP-JDGVO00" name="Day02_Feb02_2020.TC01_Add_Skills" tests="1" failures="0" timestamp="2021-02-02T10:08:19 IST" time="18.634" errors="0">
  <testcase name="Add_Skills" time="18.634" classname="Day02_Feb02_2020.TC01_Add_Skills"/>
  <system-out/>
</testsuite> <!-- Day02_Feb02_2020.TC01_Add_Skills -->
