<?xml version="1.0" encoding="UTF-8"?>
<!-- Generated by org.testng.reporters.JUnitReportReporter -->
<testsuite skipped="0" hostname="DESKTOP-JDGVO00" name="Day_024_Advanced_Xpaths.TC007_Ancestor" tests="1" failures="0" timestamp="2021-04-06T09:19:46 IST" time="22.641" errors="0">
  <testcase name="Test1" time="22.641" classname="Day_024_Advanced_Xpaths.TC007_Ancestor"/>
  <system-out/>
</testsuite> <!-- Day_024_Advanced_Xpaths.TC007_Ancestor -->
