<?xml version="1.0" encoding="UTF-8"?>
<!-- Generated by org.testng.reporters.JUnitReportReporter -->
<testsuite skipped="1" hostname="DESKTOP-JDGVO00" name="Day_005_TestNG_DataProvider_Lab1.OrangeHRM_DataProvider_Lab222" tests="1" failures="0" timestamp="2021-02-06T12:09:36 IST" time="0.000" errors="0">
  <testcase name="Test1" time="0.000" classname="Day_005_TestNG_DataProvider_Lab1.OrangeHRM_DataProvider_Lab222">
    <skipped/>
  </testcase> <!-- Test1 -->
  <system-out/>
</testsuite> <!-- Day_005_TestNG_DataProvider_Lab1.OrangeHRM_DataProvider_Lab222 -->
