<?xml version="1.0" encoding="UTF-8"?>
<!-- Generated by org.testng.reporters.JUnitReportReporter -->
<testsuite skipped="0" hostname="DESKTOP-JDGVO00" name="Day_011_Katalon_Recorder.TC01_Test3" tests="1" failures="0" timestamp="2021-05-21T08:38:44 IST" time="13.303" errors="0">
  <testcase name="test5" time="13.303" classname="Day_011_Katalon_Recorder.TC01_Test3"/>
  <system-out/>
</testsuite> <!-- Day_011_Katalon_Recorder.TC01_Test3 -->
