<?xml version="1.0" encoding="UTF-8"?>
<!-- Generated by org.testng.reporters.JUnitReportReporter -->
<testsuite skipped="0" hostname="DESKTOP-JDGVO00" name="Reporter_Example_Word.TC01_Test" tests="1" failures="0" timestamp="2021-05-13T08:23:37 IST" time="8.046" errors="0">
  <testcase name="Test1" time="8.046" classname="Reporter_Example_Word.TC01_Test"/>
  <system-out/>
</testsuite> <!-- Reporter_Example_Word.TC01_Test -->
