<?xml version="1.0" encoding="UTF-8"?>
<!-- Generated by org.testng.reporters.JUnitReportReporter -->
<testsuite hostname="MALLIKARJUNA-PC" failures="0" tests="1" name="Day_022_Action_class.TC02_Double_Click" time="13.229" errors="0" timestamp="2021-10-04T17:10:38 IST" skipped="0">
  <testcase classname="Day_022_Action_class.TC02_Double_Click" name="Login_Test" time="13.229"/>
  <system-out/>
</testsuite> <!-- Day_022_Action_class.TC02_Double_Click -->
