<?xml version="1.0" encoding="UTF-8"?>
<!-- Generated by org.testng.reporters.JUnitReportReporter -->
<testsuite hostname="MALLIKARJUNA-PC" failures="0" tests="1" name="ABC_Demo4.TC01_Login" time="42.780" errors="0" timestamp="2021-09-20T11:36:43 IST" skipped="0">
  <testcase classname="ABC_Demo4.TC01_Login" name="Login_Test" time="42.780"/>
  <system-out/>
</testsuite> <!-- ABC_Demo4.TC01_Login -->
