<?xml version="1.0" encoding="UTF-8"?>
<!-- Generated by org.testng.reporters.JUnitReportReporter -->
<testsuite skipped="0" hostname="DESKTOP-JDGVO00" name="AAAA_Customers.TC01_Login_DataProvider2" tests="2" failures="0" timestamp="2021-04-23T08:39:33 IST" time="26.550" errors="0">
  <testcase name="Login_Test" time="13.577" classname="AAAA_Customers.TC01_Login_DataProvider2"/>
  <system-out/>
  <testcase name="Login_Test" time="12.973" classname="AAAA_Customers.TC01_Login_DataProvider2"/>
  <system-out/>
</testsuite> <!-- AAAA_Customers.TC01_Login_DataProvider2 -->
