<?xml version="1.0" encoding="UTF-8"?>
<!-- Generated by org.testng.reporters.JUnitReportReporter -->
<testsuite hostname="MALLIKARJUNA-PC" failures="0" tests="1" name="example.NewTest" time="14.111" errors="0" timestamp="2021-09-20T16:31:48 IST" skipped="0">
  <testcase classname="example.NewTest" name="mail" time="14.111"/>
  <system-out/>
</testsuite> <!-- example.NewTest -->
