<?xml version="1.0" encoding="UTF-8"?>
<!-- Generated by org.testng.reporters.JUnitReportReporter -->
<testsuite skipped="0" hostname="DESKTOP-JDGVO00" name="Day00001.TC01_Login" tests="1" failures="0" timestamp="2021-04-15T08:59:17 IST" time="9.864" errors="0">
  <testcase name="LoginTest" time="9.864" classname="Day00001.TC01_Login"/>
  <system-out/>
</testsuite> <!-- Day00001.TC01_Login -->
