<?xml version="1.0" encoding="UTF-8"?>
<!-- Generated by org.testng.reporters.JUnitReportReporter -->
<testsuite skipped="0" hostname="DESKTOP-JDGVO00" name="AAAA_Products1.TC01_Login" tests="1" failures="0" timestamp="2021-03-11T11:16:15 IST" time="5.520" errors="0">
  <testcase name="Test1" time="5.520" classname="AAAA_Products1.TC01_Login"/>
  <system-out/>
</testsuite> <!-- AAAA_Products1.TC01_Login -->
