<?xml version="1.0" encoding="UTF-8"?>
<!-- Generated by org.testng.reporters.JUnitReportReporter -->
<testsuite skipped="0" hostname="DESKTOP-JDGVO00" name="EEE_Customer.Test1_Login" tests="1" failures="0" timestamp="2021-03-16T09:32:03 IST" time="17.178" errors="0">
  <testcase name="TestLogin" time="17.178" classname="EEE_Customer.Test1_Login"/>
  <system-out/>
</testsuite> <!-- EEE_Customer.Test1_Login -->
