<?xml version="1.0" encoding="UTF-8"?>
<!-- Generated by org.testng.reporters.JUnitReportReporter -->
<testsuite skipped="0" hostname="DESKTOP-JDGVO00" name="Day_016_ParallelClasses.OrangeHRMTest" tests="1" failures="0" timestamp="2021-04-29T08:34:33 IST" time="6.633" errors="0">
  <testcase name="Open_OrangeHRM" time="6.633" classname="Day_016_ParallelClasses.OrangeHRMTest"/>
  <system-out/>
</testsuite> <!-- Day_016_ParallelClasses.OrangeHRMTest -->
