<?xml version="1.0" encoding="UTF-8"?>
<!-- Generated by org.testng.reporters.JUnitReportReporter -->
<testsuite skipped="0" hostname="DESKTOP-JDGVO00" name="DAY0001.TC01_Add_Jobs_Metods_Parameters2_Static" tests="1" failures="0" timestamp="2021-02-20T09:02:55 IST" time="14.668" errors="0">
  <testcase name="Add_Jobs_test" time="14.668" classname="DAY0001.TC01_Add_Jobs_Metods_Parameters2_Static"/>
  <system-out/>
</testsuite> <!-- DAY0001.TC01_Add_Jobs_Metods_Parameters2_Static -->
