<?xml version="1.0" encoding="UTF-8"?>
<!-- Generated by org.testng.reporters.JUnitReportReporter -->
<testsuite skipped="0" hostname="DESKTOP-JDGVO00" name="DAY003_Tests.Test1_Login" tests="1" failures="0" timestamp="2021-05-16T09:31:35 IST" time="6.109" errors="0">
  <testcase name="LoginTest" time="6.109" classname="DAY003_Tests.Test1_Login"/>
  <system-out/>
</testsuite> <!-- DAY003_Tests.Test1_Login -->
