<?xml version="1.0" encoding="UTF-8"?>
<!-- Generated by org.testng.reporters.JUnitReportReporter -->
<testsuite hostname="MALLIKARJUNA-PC" failures="0" tests="2" name="Day_014_ParallelMethods.OrangeHRMTest3" time="46.260" errors="0" timestamp="2021-12-07T11:39:10 IST" skipped="0">
  <testcase classname="Day_014_ParallelMethods.OrangeHRMTest3" name="TC01_Test1" time="39.157"/>
  <system-out/>
  <testcase classname="Day_014_ParallelMethods.OrangeHRMTest3" name="TC02_Test2" time="7.103"/>
  <system-out/>
</testsuite> <!-- Day_014_ParallelMethods.OrangeHRMTest3 -->
