<?xml version="1.0" encoding="UTF-8"?>
<!-- Generated by org.testng.reporters.JUnitReportReporter -->
<testsuite hostname="MALLIKARJUNA-PC" failures="0" tests="1" name="Day_024_Advanced_Xpaths.TC001_Absolute_Xpath" time="11.527" errors="0" timestamp="2021-10-09T22:32:16 IST" skipped="0">
  <testcase classname="Day_024_Advanced_Xpaths.TC001_Absolute_Xpath" name="Test1" time="11.527"/>
  <system-out/>
</testsuite> <!-- Day_024_Advanced_Xpaths.TC001_Absolute_Xpath -->
