<?xml version="1.0" encoding="UTF-8"?>
<!-- Generated by org.testng.reporters.JUnitReportReporter -->
<testsuite hostname="MALLIKARJUNA-PC" failures="0" tests="1" name="Day_020_Multiple_Windows.TC01_Open_Three_Tabs" time="16.013" errors="0" timestamp="2021-12-13T10:54:19 IST" skipped="0">
  <testcase classname="Day_020_Multiple_Windows.TC01_Open_Three_Tabs" name="Login_Test" time="16.013"/>
  <system-out/>
</testsuite> <!-- Day_020_Multiple_Windows.TC01_Open_Three_Tabs -->
