<?xml version="1.0" encoding="UTF-8"?>
<!-- Generated by org.testng.reporters.JUnitReportReporter -->
<testsuite hostname="MALLIKARJUNA-PC" failures="0" tests="1" name="AAA_Z.NewTest_TC01" time="6.941" errors="0" timestamp="2021-09-22T20:35:29 IST" skipped="0">
  <testcase classname="AAA_Z.NewTest_TC01" name="logintest" time="6.941"/>
  <system-out/>
</testsuite> <!-- AAA_Z.NewTest_TC01 -->
