<?xml version="1.0" encoding="UTF-8"?>
<!-- Generated by org.testng.reporters.JUnitReportReporter -->
<testsuite hostname="DESKTOP-09QDUHK" failures="0" tests="1" name="Day_010_Custimize_EmailableReport_Lab1.selenium_01_eample" time="15.632" errors="0" timestamp="2021-06-01T15:16:52 IST" skipped="0">
  <testcase classname="Day_010_Custimize_EmailableReport_Lab1.selenium_01_eample" name="Emailable_report" time="15.632"/>
  <system-out>
    <![CDATA[<table> <tr >  <img   style="border:1px solid black;"      src="C:\HTML Report\HtmlTemplates\Logo.JPEG"></tr><tr   ><center><font color="red"  size="15" >selenium</font></center></tr><tr bgcolor="#9370DB"> <th width="100px"> <center><font color="white"  size="4" >Steps</font></center><font color="white"  size="4" ></font></center> </th> <th width="450px" ><center><font color="white"  size="4" >Details </font> </center></th> <th width="100px" ><center><font color="white"  size="4" >Status</font></center></th>  <th  width="250px"  ><center><font color="white"  size="4" >Screen Shots</font></center></th> <th width="250px"  ><center><font color="white"  size="4" >Date & Time</font></center></th>  </tr>       
 <tr bgcolor="#eee"> <th width="100px"> <center>Step&nbsp;1</center> </th> <th width="450px" ><center><b><font color='black'>   Opened facebook</b> </font></center></th> <th width="100px" ><center><img src='file:///C:\HTML Report\HtmlTemplates\passed.ico'    +     "width="30" + height="30"></img></center></th>  <th  width="250px"  ><center><a href=C:/HTML Report/test-output/TempScreenShots/selenium_2021_Jun_01_3_16_38_869_PM/01_Jun_2021 3_16_40_106 PM.png target="popup" onclick="window.open('C:/HTML Report/test-output/TempScreenShots/selenium_2021_Jun_01_3_16_38_869_PM/01_Jun_2021 3_16_40_106 PM.png','popup','width=600,height=600'); return false;"> ScreenShot</a> </center></th> <th width="250px"  ><center>2021_Jun_01_3_16_40_289_PM</center></th>  </tr>      
 <tr bgcolor="#ddd"> <th width="100px"> <center>Step&nbsp;2</center> </th> <th width="450px" ><center><b><font color='black'>   user name entred</b> </font></center></th> <th width="100px" ><center><img src='file:///C:\HTML Report\HtmlTemplates\passed.ico'    +     "width="30" + height="30"></img></center></th>  <th  width="250px"  ><center><a href=C:/HTML Report/test-output/TempScreenShots/selenium_2021_Jun_01_3_16_38_869_PM/01_Jun_2021 3_16_40_375 PM.png target="popup" onclick="window.open('C:/HTML Report/test-output/TempScreenShots/selenium_2021_Jun_01_3_16_38_869_PM/01_Jun_2021 3_16_40_375 PM.png','popup','width=600,height=600'); return false;"> ScreenShot</a> </center></th> <th width="250px"  ><center>2021_Jun_01_3_16_40_553_PM</center></th>  </tr>      
 <tr bgcolor="#eee"> <th width="100px"> <center>Step&nbsp;3</center> </th> <th width="450px" ><center><b><font color='black'>   password entred</b> </font></center></th> <th width="100px" ><center><img src='file:///C:\HTML Report\HtmlTemplates\passed.ico'    +     "width="30" + height="30"></img></center></th>  <th  width="250px"  ><center><a href=C:/HTML Report/test-output/TempScreenShots/selenium_2021_Jun_01_3_16_38_869_PM/01_Jun_2021 3_16_40_640 PM.png target="popup" onclick="window.open('C:/HTML Report/test-output/TempScreenShots/selenium_2021_Jun_01_3_16_38_869_PM/01_Jun_2021 3_16_40_640 PM.png','popup','width=600,height=600'); return false;"> ScreenShot</a> </center></th> <th width="250px"  ><center>2021_Jun_01_3_16_40_851_PM</center></th>  </tr>      
 <tr bgcolor="#ddd"> <th width="100px"> <center>Step&nbsp;4</center> </th> <th width="450px" ><center><b><font color='black'>   login</b> </font></center></th> <th width="100px" ><center><img src='file:///C:\HTML Report\HtmlTemplates\passed.ico'    +     "width="30" + height="30"></img></center></th>  <th  width="250px"  ><center><a href=C:/HTML Report/test-output/TempScreenShots/selenium_2021_Jun_01_3_16_38_869_PM/01_Jun_2021 3_16_40_931 PM.png target="popup" onclick="window.open('C:/HTML Report/test-output/TempScreenShots/selenium_2021_Jun_01_3_16_38_869_PM/01_Jun_2021 3_16_40_931 PM.png','popup','width=600,height=600'); return false;"> ScreenShot</a> </center></th> <th width="250px"  ><center>2021_Jun_01_3_16_52_416_PM</center></th>  </tr>      ]]>
  </system-out>
</testsuite> <!-- Day_010_Custimize_EmailableReport_Lab1.selenium_01_eample -->
