<?xml version="1.0" encoding="UTF-8"?>
<!-- Generated by org.testng.reporters.JUnitReportReporter -->
<testsuite skipped="0" hostname="DESKTOP-JDGVO00" name="Day_024_Advanced_Xpaths.TC008_Child" tests="1" failures="0" timestamp="2021-03-02T09:03:02 IST" time="22.936" errors="0">
  <testcase name="Test1" time="22.936" classname="Day_024_Advanced_Xpaths.TC008_Child"/>
  <system-out/>
</testsuite> <!-- Day_024_Advanced_Xpaths.TC008_Child -->
