<?xml version="1.0" encoding="UTF-8"?>
<!-- Generated by org.testng.reporters.JUnitReportReporter -->
<testsuite skipped="0" hostname="DESKTOP-JDGVO00" name="Day_025_ExcelUtil_Apache_POI.TC04_Excel_Test_xlsx" tests="3" failures="0" timestamp="2021-05-04T08:47:25 IST" time="156.879" errors="1">
  <testcase name="hello1" time="70.885" classname="Day_025_ExcelUtil_Apache_POI.TC04_Excel_Test_xlsx"/>
  <system-out/>
  <testcase name="hello" time="70.885" classname="Day_025_ExcelUtil_Apache_POI.TC04_Excel_Test_xlsx"/>
  <system-out/>
  <testcase name="hello2" time="15.109" classname="Day_025_ExcelUtil_Apache_POI.TC04_Excel_Test_xlsx">
    <error type="java.io.IOException" message="Failed to read zip entry source">
      <![CDATA[java.io.IOException: Failed to read zip entry source
at org.apache.poi.openxml4j.opc.ZipPackage.<init>(ZipPackage.java:103)
at org.apache.poi.openxml4j.opc.OPCPackage.open(OPCPackage.java:324)
at org.apache.poi.util.PackageHelper.open(PackageHelper.java:37)
at org.apache.poi.xssf.usermodel.XSSFWorkbook.<init>(XSSFWorkbook.java:295)
at Day_025_ExcelUtil_Apache_POI.TC04_Excel_Test_xlsx.PutCellData(TC04_Excel_Test_xlsx.java:73)
at Day_025_ExcelUtil_Apache_POI.TC04_Excel_Test_xlsx.hello2(TC04_Excel_Test_xlsx.java:60)
at sun.reflect.NativeMethodAccessorImpl.invoke0(Native Method)
at sun.reflect.NativeMethodAccessorImpl.invoke(NativeMethodAccessorImpl.java:62)
at sun.reflect.DelegatingMethodAccessorImpl.invoke(DelegatingMethodAccessorImpl.java:43)
at java.lang.reflect.Method.invoke(Method.java:498)
at org.testng.internal.MethodInvocationHelper.invokeMethod(MethodInvocationHelper.java:132)
at org.testng.internal.TestInvoker.invokeMethod(TestInvoker.java:599)
at org.testng.internal.TestInvoker.invokeTestMethod(TestInvoker.java:174)
at org.testng.internal.MethodRunner.runInSequence(MethodRunner.java:46)
at org.testng.internal.TestInvoker$MethodInvocationAgent.invoke(TestInvoker.java:822)
at org.testng.internal.TestInvoker.invokeTestMethods(TestInvoker.java:147)
at org.testng.internal.TestMethodWorker.invokeTestMethods(TestMethodWorker.java:146)
at org.testng.internal.TestMethodWorker.run(TestMethodWorker.java:128)
at java.util.concurrent.ThreadPoolExecutor.runWorker(ThreadPoolExecutor.java:1149)
at java.util.concurrent.ThreadPoolExecutor$Worker.run(ThreadPoolExecutor.java:624)
at java.lang.Thread.run(Thread.java:748)
Caused by: java.util.zip.ZipException: invalid code lengths set
at java.util.zip.InflaterInputStream.read(InflaterInputStream.java:164)
at java.util.zip.ZipInputStream.read(ZipInputStream.java:194)
at org.apache.poi.openxml4j.util.ZipSecureFile$ThresholdInputStream.read(ZipSecureFile.java:220)
at java.io.FilterInputStream.read(FilterInputStream.java:107)
at org.apache.poi.openxml4j.util.ZipInputStreamZipEntrySource$FakeZipEntry.<init>(ZipInputStreamZipEntrySource.java:132)
at org.apache.poi.openxml4j.util.ZipInputStreamZipEntrySource.<init>(ZipInputStreamZipEntrySource.java:56)
at org.apache.poi.openxml4j.opc.ZipPackage.<init>(ZipPackage.java:100)
... 20 more
]]>
    </error>
  </testcase> <!-- hello2 -->
  <system-out/>
</testsuite> <!-- Day_025_ExcelUtil_Apache_POI.TC04_Excel_Test_xlsx -->
