<?xml version="1.0" encoding="UTF-8"?>
<!-- Generated by org.testng.reporters.JUnitReportReporter -->
<testsuite skipped="0" hostname="DESKTOP-JDGVO00" name="subha.subha_nonstaticparameter" tests="1" failures="0" timestamp="2021-01-23T15:02:47 IST" time="24.040" errors="0">
  <testcase name="nonstaticparameter" time="24.040" classname="subha.subha_nonstaticparameter"/>
  <system-out/>
</testsuite> <!-- subha.subha_nonstaticparameter -->
