<?xml version="1.0" encoding="UTF-8"?>
<!-- Generated by org.testng.reporters.JUnitReportReporter -->
<testsuite hostname="MALLIKARJUNA-PC" failures="0" tests="1" name="Day_019_Frames.Switch_By_FrameName" time="12.451" errors="0" timestamp="2021-10-01T14:30:46 IST" skipped="0">
  <testcase classname="Day_019_Frames.Switch_By_FrameName" name="Login_Test" time="12.451"/>
  <system-out/>
</testsuite> <!-- Day_019_Frames.Switch_By_FrameName -->
