<?xml version="1.0" encoding="UTF-8"?>
<!-- Generated by org.testng.reporters.JUnitReportReporter -->
<testsuite skipped="0" hostname="DESKTOP-JDGVO00" name="AAAA2.TEST1_SKILLS" tests="1" failures="0" timestamp="2021-05-17T09:30:31 IST" time="12.770" errors="0">
  <testcase name="SkillsTest" time="12.770" classname="AAAA2.TEST1_SKILLS"/>
  <system-out/>
</testsuite> <!-- AAAA2.TEST1_SKILLS -->
