<?xml version="1.0" encoding="UTF-8"?>
<!-- Generated by org.testng.reporters.JUnitReportReporter -->
<testsuite skipped="0" hostname="DESKTOP-JDGVO00" name="DAY001_Tests.Test1_Login" tests="1" failures="0" timestamp="2021-05-16T09:24:36 IST" time="5.520" errors="0">
  <testcase name="LoginTest" time="5.520" classname="DAY001_Tests.Test1_Login"/>
  <system-out/>
</testsuite> <!-- DAY001_Tests.Test1_Login -->
