<?xml version="1.0" encoding="UTF-8"?>
<!-- Generated by org.testng.reporters.JUnitReportReporter -->
<testsuite hostname="DESKTOP-09QDUHK" failures="0" tests="1" name="Day_008_Emailable_Report.TestExample" time="8.219" errors="0" timestamp="2021-05-27T16:32:17 IST" skipped="0">
  <testcase classname="Day_008_Emailable_Report.TestExample" name="Test1" time="8.219"/>
  <system-out>
    <![CDATA[Pass- open Orangehrm1
Pass- Enter User Name1
Pass- Enter Password1
Pass- Click on Signin1]]>
  </system-out>
</testsuite> <!-- Day_008_Emailable_Report.TestExample -->
