<?xml version="1.0" encoding="UTF-8"?>
<!-- Generated by org.testng.reporters.JUnitReportReporter -->
<testsuite hostname="MALLIKARJUNA-PC" failures="0" tests="1" name="Day_029_PageObjectModel.TC01_Add_Locations" time="6.518" errors="0" timestamp="2021-10-05T18:08:57 IST" skipped="0">
  <testcase classname="Day_029_PageObjectModel.TC01_Add_Locations" name="Book_OneWay_Flight" time="6.518"/>
  <system-out/>
</testsuite> <!-- Day_029_PageObjectModel.TC01_Add_Locations -->
