<?xml version="1.0" encoding="UTF-8"?>
<!-- Generated by org.testng.reporters.JUnitReportReporter -->
<testsuite skipped="0" hostname="DESKTOP-JDGVO00" name="AAA.TC01_Skills2" tests="2" failures="0" timestamp="2021-03-22T09:57:39 IST" time="27.237" errors="0">
  <testcase name="AddSkillsTest" time="13.948" classname="AAA.TC01_Skills2"/>
  <system-out/>
  <testcase name="AddSkillsTest" time="13.289" classname="AAA.TC01_Skills2"/>
  <system-out/>
</testsuite> <!-- AAA.TC01_Skills2 -->
