<?xml version="1.0" encoding="UTF-8"?>
<!-- Generated by org.testng.reporters.JUnitReportReporter -->
<testsuite skipped="0" hostname="DESKTOP-JDGVO00" name="DAY01_FEB19.TC01_Add_Skills" tests="3" failures="0" timestamp="2021-02-22T08:44:54 IST" time="45.396" errors="0">
  <testcase name="Add_Skills" time="13.491" classname="DAY01_FEB19.TC01_Add_Skills"/>
  <system-out/>
  <testcase name="Add_Skills" time="13.455" classname="DAY01_FEB19.TC01_Add_Skills"/>
  <system-out/>
  <testcase name="Add_Skills" time="18.450" classname="DAY01_FEB19.TC01_Add_Skills"/>
  <system-out/>
</testsuite> <!-- DAY01_FEB19.TC01_Add_Skills -->
