<?xml version="1.0" encoding="UTF-8"?>
<!-- Generated by org.testng.reporters.JUnitReportReporter -->
<testsuite skipped="0" hostname="DESKTOP-JDGVO00" name="jai_1.testcase" tests="1" failures="0" timestamp="2021-03-16T13:46:51 IST" time="15.476" errors="0">
  <testcase name="OpenChromeBrowser" time="15.476" classname="jai_1.testcase"/>
  <system-out/>
</testsuite> <!-- jai_1.testcase -->
