<?xml version="1.0" encoding="UTF-8"?>
<!-- Generated by org.testng.reporters.JUnitReportReporter -->
<testsuite skipped="0" hostname="DESKTOP-JDGVO00" name="Day_032_TestNG_Groups.AllTests" tests="1" failures="0" timestamp="2021-05-11T08:47:15 IST" time="5.735" errors="0">
  <testcase name="OrangeHRM" time="5.735" classname="Day_032_TestNG_Groups.AllTests"/>
  <system-out/>
</testsuite> <!-- Day_032_TestNG_Groups.AllTests -->
