<?xml version="1.0" encoding="UTF-8"?>
<!-- Generated by org.testng.reporters.JUnitReportReporter -->
<testsuite skipped="0" hostname="DESKTOP-JDGVO00" name="ADD_EX.ADD_SKILS" tests="1" failures="0" timestamp="2021-01-27T11:31:19 IST" time="19.945" errors="0">
  <testcase name="login_test" time="19.945" classname="ADD_EX.ADD_SKILS"/>
  <system-out/>
</testsuite> <!-- ADD_EX.ADD_SKILS -->
