<?xml version="1.0" encoding="UTF-8"?>
<!-- Generated by org.testng.reporters.JUnitReportReporter -->
<testsuite skipped="0" hostname="DESKTOP-JDGVO00" name="FEB02_Day01.Test1_Login" tests="1" failures="0" timestamp="2021-02-01T10:19:07 IST" time="18.931" errors="0">
  <testcase name="Login" time="18.931" classname="FEB02_Day01.Test1_Login"/>
  <system-out/>
</testsuite> <!-- FEB02_Day01.Test1_Login -->
