<?xml version="1.0" encoding="UTF-8"?>
<!-- Generated by org.testng.reporters.JUnitReportReporter -->
<testsuite skipped="0" hostname="DESKTOP-JDGVO00" name="Day03_Jan29.TC01_Add_Skills" tests="1" failures="0" timestamp="2021-01-27T10:25:37 IST" time="21.896" errors="0">
  <testcase name="Add_Skills" time="21.896" classname="Day03_Jan29.TC01_Add_Skills"/>
  <system-out/>
</testsuite> <!-- Day03_Jan29.TC01_Add_Skills -->
