<?xml version="1.0" encoding="UTF-8"?>
<!-- Generated by org.testng.reporters.JUnitReportReporter -->
<testsuite skipped="0" hostname="DESKTOP-JDGVO00" name="Customers_Feb15.Test1_Login" tests="1" failures="0" timestamp="2021-02-15T09:13:24 IST" time="8.603" errors="0">
  <testcase name="LoginTest" time="8.603" classname="Customers_Feb15.Test1_Login"/>
  <system-out/>
</testsuite> <!-- Customers_Feb15.Test1_Login -->
