<?xml version="1.0" encoding="UTF-8"?>
<!-- Generated by org.testng.reporters.JUnitReportReporter -->
<testsuite hostname="DESKTOP-09QDUHK" failures="0" tests="1" name="Day_012_TestNG_Paraneters.NewTest" time="18.213" errors="0" timestamp="2021-05-31T18:12:26 IST" skipped="0">
  <testcase classname="Day_012_TestNG_Paraneters.NewTest" name="login_Test" time="18.213"/>
  <system-out/>
</testsuite> <!-- Day_012_TestNG_Paraneters.NewTest -->
