<?xml version="1.0" encoding="UTF-8"?>
<!-- Generated by org.testng.reporters.JUnitReportReporter -->
<testsuite skipped="0" hostname="DESKTOP-JDGVO00" name="Day_017_Priorities_Test.TC02_Without_Priority" tests="6" failures="0" timestamp="2021-04-30T08:27:44 IST" time="25.408" errors="0">
  <testcase name="Test2_OpenOrangeHRM" time="2.947" classname="Day_017_Priorities_Test.TC02_Without_Priority"/>
  <system-out/>
  <testcase name="Test6_closebrowser" time="0.696" classname="Day_017_Priorities_Test.TC02_Without_Priority"/>
  <system-out/>
  <testcase name="Test4_Addnatialities" time="4.145" classname="Day_017_Priorities_Test.TC02_Without_Priority"/>
  <system-out/>
  <testcase name="Test5_Logout" time="11.551" classname="Day_017_Priorities_Test.TC02_Without_Priority"/>
  <system-out/>
  <testcase name="Test1_OpenChromeBrowser" time="2.181" classname="Day_017_Priorities_Test.TC02_Without_Priority"/>
  <system-out/>
  <testcase name="Test3_Login" time="3.888" classname="Day_017_Priorities_Test.TC02_Without_Priority"/>
  <system-out/>
</testsuite> <!-- Day_017_Priorities_Test.TC02_Without_Priority -->
