<?xml version="1.0" encoding="UTF-8"?>
<!-- Generated by org.testng.reporters.JUnitReportReporter -->
<testsuite skipped="0" hostname="DESKTOP-JDGVO00" name="DDD.TC01_Add_jobs_DataProvider1" tests="3" failures="0" timestamp="2021-01-23T08:36:47 IST" time="62.573" errors="0">
  <testcase name="AddJobs" time="23.672" classname="DDD.TC01_Add_jobs_DataProvider1"/>
  <system-out/>
  <testcase name="AddJobs" time="19.091" classname="DDD.TC01_Add_jobs_DataProvider1"/>
  <system-out/>
  <testcase name="AddJobs" time="19.810" classname="DDD.TC01_Add_jobs_DataProvider1"/>
  <system-out/>
</testsuite> <!-- DDD.TC01_Add_jobs_DataProvider1 -->
