<?xml version="1.0" encoding="UTF-8"?>
<!-- Generated by org.testng.reporters.JUnitReportReporter -->
<testsuite skipped="0" hostname="DESKTOP-JDGVO00" name="Customer.TC01_Add_Skills_Static" tests="1" failures="0" timestamp="2021-02-17T08:56:06 IST" time="32.696" errors="0">
  <testcase name="AddSkillsTest" time="32.696" classname="Customer.TC01_Add_Skills_Static"/>
  <system-out/>
</testsuite> <!-- Customer.TC01_Add_Skills_Static -->
