<?xml version="1.0" encoding="UTF-8"?>
<!-- Generated by org.testng.reporters.JUnitReportReporter -->
<testsuite skipped="0" hostname="DESKTOP-JDGVO00" name="Day001_Jobs.Test1_Add_jobs" tests="1" failures="0" timestamp="2021-04-17T08:33:25 IST" time="14.948" errors="0">
  <testcase name="AddJobs" time="14.948" classname="Day001_Jobs.Test1_Add_jobs"/>
  <system-out/>
</testsuite> <!-- Day001_Jobs.Test1_Add_jobs -->
