<?xml version="1.0" encoding="UTF-8"?>
<!-- Generated by org.testng.reporters.JUnitReportReporter -->
<testsuite skipped="0" hostname="DESKTOP-JDGVO00" name="Day_027_Alerts.DemoWebAlert" tests="1" failures="0" timestamp="2021-05-10T09:03:49 IST" time="9.526" errors="0">
  <testcase name="Test6" time="9.526" classname="Day_027_Alerts.DemoWebAlert"/>
  <system-out/>
</testsuite> <!-- Day_027_Alerts.DemoWebAlert -->
