<?xml version="1.0" encoding="UTF-8"?>
<!-- Generated by org.testng.reporters.JUnitReportReporter -->
<testsuite skipped="0" hostname="DESKTOP-JDGVO00" name="Day_005_TestNG_DataProvider_Lab1.OrangeHRM_DataProvider_Lab2" tests="2" failures="0" timestamp="2021-03-23T09:31:51 IST" time="29.040" errors="0">
  <testcase name="Test1" time="14.061" classname="Day_005_TestNG_DataProvider_Lab1.OrangeHRM_DataProvider_Lab2"/>
  <system-out/>
  <testcase name="Test1" time="14.979" classname="Day_005_TestNG_DataProvider_Lab1.OrangeHRM_DataProvider_Lab2"/>
  <system-out/>
</testsuite> <!-- Day_005_TestNG_DataProvider_Lab1.OrangeHRM_DataProvider_Lab2 -->
