<?xml version="1.0" encoding="UTF-8"?>
<!-- Generated by org.testng.reporters.JUnitReportReporter -->
<testsuite skipped="0" hostname="DESKTOP-JDGVO00" name="Day_002_Java.TC01_Login2" tests="1" failures="0" timestamp="2021-02-02T08:49:32 IST" time="12.641" errors="0">
  <testcase name="Login_Test" time="12.641" classname="Day_002_Java.TC01_Login2"/>
  <system-out/>
</testsuite> <!-- Day_002_Java.TC01_Login2 -->
