<?xml version="1.0" encoding="UTF-8"?>
<!-- Generated by org.testng.reporters.JUnitReportReporter -->
<testsuite hostname="Mallikarjun" failures="0" tests="1" name="AAAA_10.Test1_Login" time="10.516" errors="0" timestamp="2024-08-28T16:30:28 IST" skipped="0">
  <testcase classname="AAAA_10.Test1_Login" name="LoginTest" time="10.516"/>
</testsuite> <!-- AAAA_10.Test1_Login -->
