<?xml version="1.0" encoding="UTF-8"?>
<!-- Generated by org.testng.reporters.JUnitReportReporter -->
<testsuite skipped="0" hostname="DESKTOP-JDGVO00" name="Day_017_Multiple_Suites.Google" tests="1" failures="0" timestamp="2021-04-29T08:49:49 IST" time="3.715" errors="0">
  <testcase name="Open_Mercury" time="3.715" classname="Day_017_Multiple_Suites.Google"/>
  <system-out/>
</testsuite> <!-- Day_017_Multiple_Suites.Google -->
