<?xml version="1.0" encoding="UTF-8"?>
<!-- Generated by org.testng.reporters.JUnitReportReporter -->
<testsuite skipped="0" hostname="DESKTOP-JDGVO00" name="FEB02_Day01.TC01_Add_Jobs_Parameters" tests="1" failures="0" timestamp="2021-02-01T11:00:42 IST" time="18.863" errors="0">
  <testcase name="Add_Jobs" time="18.863" classname="FEB02_Day01.TC01_Add_Jobs_Parameters"/>
  <system-out/>
</testsuite> <!-- FEB02_Day01.TC01_Add_Jobs_Parameters -->
