<?xml version="1.0" encoding="UTF-8"?>
<!-- Generated by org.testng.reporters.JUnitReportReporter -->
<testsuite hostname="MALLIKARJUNA-PC" failures="0" tests="1" name="Day_003_Locators.TC02_name" time="13.282" errors="0" timestamp="2021-09-22T21:14:17 IST" skipped="0">
  <testcase classname="Day_003_Locators.TC02_name" name="Test2" time="13.282"/>
  <system-out/>
</testsuite> <!-- Day_003_Locators.TC02_name -->
