<?xml version="1.0" encoding="UTF-8"?>
<!-- Generated by org.testng.reporters.JUnitReportReporter -->
<testsuite hostname="MALLIKARJUNA-PC" failures="0" tests="1" name="ABC_Demo1.TC01_Test2_Excel_Browser" time="0.000" errors="0" timestamp="2021-09-29T17:26:05 IST" skipped="1">
  <testcase classname="ABC_Demo1.TC01_Test2_Excel_Browser" name="AddSkillsTest" time="0.000">
    <skipped/>
  </testcase> <!-- AddSkillsTest -->
  <system-out/>
</testsuite> <!-- ABC_Demo1.TC01_Test2_Excel_Browser -->
