<?xml version="1.0" encoding="UTF-8"?>
<!-- Generated by org.testng.reporters.JUnitReportReporter -->
<testsuite skipped="0" hostname="DESKTOP-JDGVO00" name="AAAA_D1.Test1_Skills2_DataProvider2" tests="3" failures="0" timestamp="2021-03-23T09:28:20 IST" time="42.487" errors="0">
  <testcase name="SkillsTest" time="10.673" classname="AAAA_D1.Test1_Skills2_DataProvider2"/>
  <system-out/>
  <testcase name="SkillsTest" time="22.120" classname="AAAA_D1.Test1_Skills2_DataProvider2"/>
  <system-out/>
  <testcase name="SkillsTest" time="9.694" classname="AAAA_D1.Test1_Skills2_DataProvider2"/>
  <system-out/>
</testsuite> <!-- AAAA_D1.Test1_Skills2_DataProvider2 -->
