<?xml version="1.0" encoding="UTF-8"?>
<!-- Generated by org.testng.reporters.JUnitReportReporter -->
<testsuite skipped="0" hostname="DESKTOP-JDGVO00" name="Day_008_Emailable_Report.TestExample2_Browser" tests="1" failures="0" timestamp="2021-04-26T08:45:43 IST" time="6.656" errors="0">
  <testcase name="Test2" time="6.656" classname="Day_008_Emailable_Report.TestExample2_Browser"/>
  <system-out>
Pass- open Orangehrm Pass- Enter User Name Pass- Enter Password Pass- Click on Signin  </system-out>
</testsuite> <!-- Day_008_Emailable_Report.TestExample2_Browser -->
