<?xml version="1.0" encoding="UTF-8"?>
<!-- Generated by org.testng.reporters.JUnitReportReporter -->
<testsuite skipped="0" hostname="DESKTOP-JDGVO00" name="AAA.TC01_Skills" tests="3" failures="0" timestamp="2021-03-22T09:50:45 IST" time="40.297" errors="0">
  <testcase name="AddSkillsTest" time="13.764" classname="AAA.TC01_Skills"/>
  <system-out/>
  <testcase name="AddSkillsTest" time="13.242" classname="AAA.TC01_Skills"/>
  <system-out/>
  <testcase name="AddSkillsTest" time="13.291" classname="AAA.TC01_Skills"/>
  <system-out/>
</testsuite> <!-- AAA.TC01_Skills -->
