<?xml version="1.0" encoding="UTF-8"?>
<!-- Generated by org.testng.reporters.JUnitReportReporter -->
<testsuite skipped="0" hostname="DESKTOP-JDGVO00" name="Day_015_ParallelTests.OrangeHRMTest" tests="1" failures="0" timestamp="2021-04-29T08:42:44 IST" time="6.637" errors="0">
  <testcase name="Open_OrangeHRM" time="6.637" classname="Day_015_ParallelTests.OrangeHRMTest"/>
  <system-out/>
</testsuite> <!-- Day_015_ParallelTests.OrangeHRMTest -->
