<?xml version="1.0" encoding="UTF-8"?>
<!-- Generated by org.testng.reporters.JUnitReportReporter -->
<testsuite skipped="0" hostname="DESKTOP-JDGVO00" name="Day_016_ParallelClasses.MercuryTest" tests="1" failures="0" timestamp="2021-04-29T08:34:33 IST" time="3.565" errors="0">
  <testcase name="Open_Mercury" time="3.565" classname="Day_016_ParallelClasses.MercuryTest"/>
  <system-out/>
</testsuite> <!-- Day_016_ParallelClasses.MercuryTest -->
