<?xml version="1.0" encoding="UTF-8"?>
<!-- Generated by org.testng.reporters.JUnitReportReporter -->
<testsuite skipped="0" hostname="DESKTOP-JDGVO00" name="Customers2.TC01_Login" tests="1" failures="0" timestamp="2021-02-13T09:52:51 IST" time="12.181" errors="0">
  <testcase name="Login" time="12.181" classname="Customers2.TC01_Login"/>
  <system-out/>
</testsuite> <!-- Customers2.TC01_Login -->
