<?xml version="1.0" encoding="UTF-8"?>
<!-- Generated by org.testng.reporters.JUnitReportReporter -->
<testsuite skipped="0" hostname="DESKTOP-JDGVO00" name="Day_40_Key_Word_Driven1.TC01_Skills" tests="1" failures="0" timestamp="2021-05-21T08:26:36 IST" time="13.760" errors="0">
  <testcase name="TC01_Test" time="13.760" classname="Day_40_Key_Word_Driven1.TC01_Skills"/>
  <system-out>
Open Browser Login method Invoked Close Browser  </system-out>
</testsuite> <!-- Day_40_Key_Word_Driven1.TC01_Skills -->
