<?xml version="1.0" encoding="UTF-8"?>
<!-- Generated by org.testng.reporters.JUnitReportReporter -->
<testsuite skipped="0" hostname="DESKTOP-JDGVO00" name="pagobjm.nation_test" tests="1" failures="0" timestamp="2021-02-01T12:09:55 IST" time="8.763" errors="0">
  <testcase name="ajay" time="8.763" classname="pagobjm.nation_test"/>
  <system-out/>
</testsuite> <!-- pagobjm.nation_test -->
