<?xml version="1.0" encoding="UTF-8"?>
<!-- Generated by org.testng.reporters.JUnitReportReporter -->
<testsuite skipped="0" hostname="DESKTOP-JDGVO00" name="Products01.Test2_Skills" tests="1" failures="0" timestamp="2021-03-15T09:49:25 IST" time="15.467" errors="0">
  <testcase name="AddSkillsTest" time="15.467" classname="Products01.Test2_Skills"/>
  <system-out/>
</testsuite> <!-- Products01.Test2_Skills -->
