<?xml version="1.0" encoding="UTF-8"?>
<!-- Generated by org.testng.reporters.JUnitReportReporter -->
<testsuite skipped="0" hostname="DESKTOP-JDGVO00" name="DAY01_FEB19.Test1_Login" tests="1" failures="0" timestamp="2021-02-19T09:21:33 IST" time="9.421" errors="0">
  <testcase name="AddKSkillsTest" time="9.421" classname="DAY01_FEB19.Test1_Login"/>
  <system-out/>
</testsuite> <!-- DAY01_FEB19.Test1_Login -->
