<?xml version="1.0" encoding="UTF-8"?>
<!-- Generated by org.testng.reporters.JUnitReportReporter -->
<testsuite skipped="0" hostname="DESKTOP-JDGVO00" name="Day_029_PageObjectModel.TC01_Add_Jobs" tests="1" failures="0" timestamp="2021-05-06T09:04:24 IST" time="9.714" errors="0">
  <testcase name="Book_OneWay_Flight" time="9.714" classname="Day_029_PageObjectModel.TC01_Add_Jobs"/>
  <system-out/>
</testsuite> <!-- Day_029_PageObjectModel.TC01_Add_Jobs -->
