<?xml version="1.0" encoding="UTF-8"?>
<!-- Generated by org.testng.reporters.JUnitReportReporter -->
<testsuite skipped="0" hostname="DESKTOP-JDGVO00" name="Day_023_File_Upload_Download.TC04_FileDownLoad" tests="1" failures="0" timestamp="2021-05-12T08:46:25 IST" time="24.900" errors="0">
  <testcase name="File_Download" time="24.900" classname="Day_023_File_Upload_Download.TC04_FileDownLoad"/>
  <system-out/>
</testsuite> <!-- Day_023_File_Upload_Download.TC04_FileDownLoad -->
