<?xml version="1.0" encoding="UTF-8"?>
<!-- Generated by org.testng.reporters.JUnitReportReporter -->
<testsuite skipped="0" hostname="DESKTOP-JDGVO00" name="AAAA_Customers.TC01_Login_Parameters" tests="1" failures="0" timestamp="2021-04-19T08:33:31 IST" time="13.935" errors="0">
  <testcase name="Login_Test" time="13.935" classname="AAAA_Customers.TC01_Login_Parameters"/>
  <system-out/>
</testsuite> <!-- AAAA_Customers.TC01_Login_Parameters -->
