<?xml version="1.0" encoding="UTF-8"?>
<!-- Generated by org.testng.reporters.JUnitReportReporter -->
<testsuite skipped="0" hostname="DESKTOP-JDGVO00" name="FEB02_Day01.Test1_Login_Parameter" tests="1" failures="0" timestamp="2021-02-01T10:53:20 IST" time="18.319" errors="0">
  <testcase name="Login1" time="18.319" classname="FEB02_Day01.Test1_Login_Parameter"/>
  <system-out/>
</testsuite> <!-- FEB02_Day01.Test1_Login_Parameter -->
