<?xml version="1.0" encoding="UTF-8"?>
<!-- Generated by org.testng.reporters.JUnitReportReporter -->
<testsuite skipped="0" hostname="DESKTOP-JDGVO00" name="AAAA_Customers.TC01_Login_DataProvider" tests="3" failures="0" timestamp="2021-04-23T08:34:17 IST" time="48.669" errors="0">
  <testcase name="Login_Test" time="13.689" classname="AAAA_Customers.TC01_Login_DataProvider"/>
  <system-out/>
  <testcase name="Login_Test" time="14.269" classname="AAAA_Customers.TC01_Login_DataProvider"/>
  <system-out/>
  <testcase name="Login_Test" time="20.711" classname="AAAA_Customers.TC01_Login_DataProvider"/>
  <system-out/>
</testsuite> <!-- AAAA_Customers.TC01_Login_DataProvider -->
