<?xml version="1.0" encoding="UTF-8"?>
<!-- Generated by org.testng.reporters.JUnitReportReporter -->
<testsuite hostname="MALLIKARJUNA-PC" failures="0" tests="1" name="Day_003_Locators.TC06_cssSelector" time="14.460" errors="0" timestamp="2021-09-22T21:16:53 IST" skipped="0">
  <testcase classname="Day_003_Locators.TC06_cssSelector" name="Test2" time="14.460"/>
  <system-out/>
</testsuite> <!-- Day_003_Locators.TC06_cssSelector -->
