<?xml version="1.0" encoding="UTF-8"?>
<!-- Generated by org.testng.reporters.JUnitReportReporter -->
<testsuite skipped="0" hostname="DESKTOP-JDGVO00" name="subha.subha_dataprovider" tests="2" failures="0" timestamp="2021-01-23T15:14:35 IST" time="51.069" errors="0">
  <testcase name="Test1" time="26.415" classname="subha.subha_dataprovider"/>
  <system-out/>
  <testcase name="Test1" time="24.654" classname="subha.subha_dataprovider"/>
  <system-out/>
</testsuite> <!-- subha.subha_dataprovider -->
