<?xml version="1.0" encoding="UTF-8"?>
<!-- Generated by org.testng.reporters.JUnitReportReporter -->
<testsuite hostname="MALLIKARJUNA-PC" failures="0" tests="1" name="Day_021_Java_Script_Executer.TC01_JavaSE_ScrollByVisibleElement2" time="18.621" errors="0" timestamp="2021-10-01T16:01:10 IST" skipped="0">
  <testcase classname="Day_021_Java_Script_Executer.TC01_JavaSE_ScrollByVisibleElement2" name="Login" time="18.621"/>
  <system-out/>
</testsuite> <!-- Day_021_Java_Script_Executer.TC01_JavaSE_ScrollByVisibleElement2 -->
