<?xml version="1.0" encoding="UTF-8"?>
<!-- Generated by org.testng.reporters.JUnitReportReporter -->
<testsuite skipped="0" hostname="DESKTOP-JDGVO00" name="DAY045_CSS_Selectors.TC01_ID" tests="1" failures="0" timestamp="2021-03-02T09:13:02 IST" time="14.816" errors="0">
  <testcase name="Test2" time="14.816" classname="DAY045_CSS_Selectors.TC01_ID"/>
  <system-out/>
</testsuite> <!-- DAY045_CSS_Selectors.TC01_ID -->
