<?xml version="1.0" encoding="UTF-8"?>
<!-- Generated by org.testng.reporters.JUnitReportReporter -->
<testsuite hostname="DESKTOP-09QDUHK" failures="0" tests="1" name="Day_001_Demo.TC08_FireFox_Test" time="9.176" errors="0" timestamp="2021-06-01T16:54:07 IST" skipped="0">
  <testcase classname="Day_001_Demo.TC08_FireFox_Test" name="Login_Test" time="9.176"/>
  <system-out/>
</testsuite> <!-- Day_001_Demo.TC08_FireFox_Test -->
