<?xml version="1.0" encoding="UTF-8"?>
<!-- Generated by org.testng.reporters.JUnitReportReporter -->
<testsuite skipped="0" hostname="DESKTOP-JDGVO00" name="AAAA_D1.Test1_Skills" tests="1" failures="0" timestamp="2021-03-19T09:25:18 IST" time="14.858" errors="0">
  <testcase name="SkillsTest" time="14.858" classname="AAAA_D1.Test1_Skills"/>
  <system-out/>
</testsuite> <!-- AAAA_D1.Test1_Skills -->
