<?xml version="1.0" encoding="UTF-8"?>
<!-- Generated by org.testng.reporters.JUnitReportReporter -->
<testsuite skipped="0" hostname="DESKTOP-JDGVO00" name="Day_006_TestNG_DataProvider_Lab2.TC03_Login_Static_Paarameters" tests="3" failures="0" timestamp="2021-02-06T11:51:51 IST" time="53.524" errors="0">
  <testcase name="Login_Test" time="16.461" classname="Day_006_TestNG_DataProvider_Lab2.TC03_Login_Static_Paarameters"/>
  <system-out/>
  <testcase name="Login_Test" time="18.186" classname="Day_006_TestNG_DataProvider_Lab2.TC03_Login_Static_Paarameters"/>
  <system-out/>
  <testcase name="Login_Test" time="18.877" classname="Day_006_TestNG_DataProvider_Lab2.TC03_Login_Static_Paarameters"/>
  <system-out/>
</testsuite> <!-- Day_006_TestNG_DataProvider_Lab2.TC03_Login_Static_Paarameters -->
