<?xml version="1.0" encoding="UTF-8"?>
<!-- Generated by org.testng.reporters.JUnitReportReporter -->
<testsuite hostname="MALLIKARJUNA-PC" failures="0" tests="3" name="Day_005_TestNG_DataProvider_Lab1.OrangeHRM_DataProvider_Lab1" time="52.804" errors="0" timestamp="2021-09-30T16:49:41 IST" skipped="0">
  <testcase classname="Day_005_TestNG_DataProvider_Lab1.OrangeHRM_DataProvider_Lab1" name="Test1" time="17.297"/>
  <system-out/>
  <testcase classname="Day_005_TestNG_DataProvider_Lab1.OrangeHRM_DataProvider_Lab1" name="Test1" time="19.513"/>
  <system-out/>
  <testcase classname="Day_005_TestNG_DataProvider_Lab1.OrangeHRM_DataProvider_Lab1" name="Test1" time="15.994"/>
  <system-out/>
</testsuite> <!-- Day_005_TestNG_DataProvider_Lab1.OrangeHRM_DataProvider_Lab1 -->
