<?xml version="1.0" encoding="UTF-8"?>
<!-- Generated by org.testng.reporters.JUnitReportReporter -->
<testsuite skipped="0" hostname="DESKTOP-JDGVO00" name="Products01.TEST1_Login" tests="1" failures="0" timestamp="2021-03-15T09:42:12 IST" time="17.151" errors="0">
  <testcase name="Login" time="17.151" classname="Products01.TEST1_Login"/>
  <system-out/>
</testsuite> <!-- Products01.TEST1_Login -->
