<?xml version="1.0" encoding="UTF-8"?>
<!-- Generated by org.testng.reporters.JUnitReportReporter -->
<testsuite skipped="0" hostname="DESKTOP-JDGVO00" name="DAY001_Feb4.TC01_Test2_Methods" tests="1" failures="0" timestamp="2021-02-04T10:19:38 IST" time="16.961" errors="0">
  <testcase name="AddSkillsTest" time="16.961" classname="DAY001_Feb4.TC01_Test2_Methods"/>
  <system-out/>
</testsuite> <!-- DAY001_Feb4.TC01_Test2_Methods -->
