<?xml version="1.0" encoding="UTF-8"?>
<!-- Generated by org.testng.reporters.JUnitReportReporter -->
<testsuite skipped="0" hostname="DESKTOP-JDGVO00" name="AAAA_D1.Test1_Skills2_DataProvider" tests="3" failures="0" timestamp="2021-03-23T09:09:53 IST" time="41.730" errors="0">
  <testcase name="SkillsTest" time="13.743" classname="AAAA_D1.Test1_Skills2_DataProvider"/>
  <system-out/>
  <testcase name="SkillsTest" time="14.796" classname="AAAA_D1.Test1_Skills2_DataProvider"/>
  <system-out/>
  <testcase name="SkillsTest" time="13.191" classname="AAAA_D1.Test1_Skills2_DataProvider"/>
  <system-out/>
</testsuite> <!-- AAAA_D1.Test1_Skills2_DataProvider -->
