<?xml version="1.0" encoding="UTF-8"?>
<!-- Generated by org.testng.reporters.JUnitReportReporter -->
<testsuite skipped="0" hostname="DESKTOP-JDGVO00" name="Education_status.Education" tests="3" failures="0" timestamp="2021-01-26T10:27:54 IST" time="49.716" errors="0">
  <testcase name="AADINGSTATUS" time="16.123" classname="Education_status.Education"/>
  <system-out/>
  <testcase name="AADINGSTATUS" time="17.347" classname="Education_status.Education"/>
  <system-out/>
  <testcase name="AADINGSTATUS" time="16.246" classname="Education_status.Education"/>
  <system-out/>
</testsuite> <!-- Education_status.Education -->
