<?xml version="1.0" encoding="UTF-8"?>
<!-- Generated by org.testng.reporters.JUnitReportReporter -->
<testsuite skipped="0" hostname="DESKTOP-JDGVO00" name="AAAA2.TC01_Add_jobs_Parameters" tests="3" failures="0" timestamp="2021-05-25T10:01:13 IST" time="44.875" errors="0">
  <testcase name="Test1" time="15.766" classname="AAAA2.TC01_Add_jobs_Parameters"/>
  <system-out/>
  <testcase name="Test1" time="14.621" classname="AAAA2.TC01_Add_jobs_Parameters"/>
  <system-out/>
  <testcase name="Test1" time="14.488" classname="AAAA2.TC01_Add_jobs_Parameters"/>
  <system-out/>
</testsuite> <!-- AAAA2.TC01_Add_jobs_Parameters -->
