<?xml version="1.0" encoding="UTF-8"?>
<!-- Generated by org.testng.reporters.JUnitReportReporter -->
<testsuite skipped="0" hostname="DESKTOP-JDGVO00" name="Dayfeb_0004.TC001_LOGIN" tests="1" failures="0" timestamp="2021-02-06T10:02:28 IST" time="18.358" errors="0">
  <testcase name="AddJobsTest" time="18.358" classname="Dayfeb_0004.TC001_LOGIN"/>
  <system-out/>
</testsuite> <!-- Dayfeb_0004.TC001_LOGIN -->
