<?xml version="1.0" encoding="UTF-8"?>
<!-- Generated by org.testng.reporters.JUnitReportReporter -->
<testsuite skipped="0" hostname="DESKTOP-JDGVO00" name="Customer.TC01_Add_Jobs" tests="1" failures="0" timestamp="2021-01-30T10:52:52 IST" time="20.604" errors="0">
  <testcase name="AddJobs" time="20.604" classname="Customer.TC01_Add_Jobs"/>
  <system-out/>
</testsuite> <!-- Customer.TC01_Add_Jobs -->
