<?xml version="1.0" encoding="UTF-8"?>
<!-- Generated by org.testng.reporters.JUnitReportReporter -->
<testsuite skipped="0" hostname="DESKTOP-JDGVO00" name="AAAA2.Test1_Login" tests="1" failures="0" timestamp="2021-05-17T09:18:31 IST" time="14.934" errors="0">
  <testcase name="LoginTest1" time="14.934" classname="AAAA2.Test1_Login"/>
  <system-out/>
</testsuite> <!-- AAAA2.Test1_Login -->
