<?xml version="1.0" encoding="UTF-8"?>
<!-- Generated by org.testng.reporters.JUnitReportReporter -->
<testsuite skipped="0" hostname="DESKTOP-JDGVO00" name="FAQS.TC002_StaleElementException" tests="1" failures="0" timestamp="2021-03-13T11:19:58 IST" time="5.226" errors="0">
  <testcase name="Open_Mercury" time="5.226" classname="FAQS.TC002_StaleElementException"/>
  <system-out/>
</testsuite> <!-- FAQS.TC002_StaleElementException -->
