<?xml version="1.0" encoding="UTF-8"?>
<!-- Generated by org.testng.reporters.JUnitReportReporter -->
<testsuite skipped="0" hostname="DESKTOP-JDGVO00" name="subha.subha_addskills" tests="1" failures="0" timestamp="2021-01-23T14:22:52 IST" time="24.584" errors="0">
  <testcase name="addskills" time="24.584" classname="subha.subha_addskills"/>
  <system-out/>
</testsuite> <!-- subha.subha_addskills -->
