<?xml version="1.0" encoding="UTF-8"?>
<!-- Generated by org.testng.reporters.JUnitReportReporter -->
<testsuite skipped="0" hostname="DESKTOP-JDGVO00" name="Education_status.Job_category" tests="3" failures="0" timestamp="2021-01-26T10:55:00 IST" time="37.337" errors="0">
  <testcase name="AADINGSTATUS" time="12.053" classname="Education_status.Job_category"/>
  <system-out/>
  <testcase name="AADINGSTATUS" time="10.919" classname="Education_status.Job_category"/>
  <system-out/>
  <testcase name="AADINGSTATUS" time="14.365" classname="Education_status.Job_category"/>
  <system-out/>
</testsuite> <!-- Education_status.Job_category -->
