<?xml version="1.0" encoding="UTF-8"?>
<!-- Generated by org.testng.reporters.JUnitReportReporter -->
<testsuite hostname="MALLIKARJUNA-PC" failures="0" tests="1" name="Day_007_TestNG_DataProvider_Lab3.TC02_Add_Locations" time="0.000" errors="0" timestamp="2021-09-25T15:08:17 IST" skipped="1">
  <testcase classname="Day_007_TestNG_DataProvider_Lab3.TC02_Add_Locations" name="Login_Test" time="0.000">
    <skipped/>
  </testcase> <!-- Login_Test -->
  <system-out/>
</testsuite> <!-- Day_007_TestNG_DataProvider_Lab3.TC02_Add_Locations -->
