<?xml version="1.0" encoding="UTF-8"?>
<!-- Generated by org.testng.reporters.JUnitReportReporter -->
<testsuite skipped="0" hostname="DESKTOP-JDGVO00" name="Customer.TC02_Login" tests="1" failures="0" timestamp="2021-01-30T10:40:05 IST" time="66.813" errors="0">
  <testcase name="Login_Test" time="66.813" classname="Customer.TC02_Login"/>
  <system-out/>
</testsuite> <!-- Customer.TC02_Login -->
