<?xml version="1.0" encoding="UTF-8"?>
<!-- Generated by org.testng.reporters.JUnitReportReporter -->
<testsuite skipped="0" hostname="DESKTOP-JDGVO00" name="AAAA_10.Test1_Login_NonStaticMethods_Paarmeters" tests="1" failures="0" timestamp="2021-05-22T09:29:17 IST" time="13.744" errors="0">
  <testcase name="LoginTest" time="13.744" classname="AAAA_10.Test1_Login_NonStaticMethods_Paarmeters"/>
  <system-out/>
</testsuite> <!-- AAAA_10.Test1_Login_NonStaticMethods_Paarmeters -->
