<?xml version="1.0" encoding="UTF-8"?>
<!-- Generated by org.testng.reporters.JUnitReportReporter -->
<testsuite skipped="0" hostname="DESKTOP-JDGVO00" name="Day_025_ExcelUtil_Apache_POI.Test2_Nationalities" tests="1" failures="0" timestamp="2021-05-05T10:18:07 IST" time="14.676" errors="0">
  <testcase name="Login_Test" time="14.676" classname="Day_025_ExcelUtil_Apache_POI.Test2_Nationalities"/>
  <system-out/>
</testsuite> <!-- Day_025_ExcelUtil_Apache_POI.Test2_Nationalities -->
