<?xml version="1.0" encoding="UTF-8"?>
<!-- Generated by org.testng.reporters.JUnitReportReporter -->
<testsuite hostname="MALLIKARJUNA-PC" failures="0" tests="1" name="Day_43_Smart_Search.TC014_Startswith" time="12.777" errors="0" timestamp="2021-10-12T20:58:04 IST" skipped="0">
  <testcase classname="Day_43_Smart_Search.TC014_Startswith" name="Test1" time="12.777"/>
  <system-out/>
</testsuite> <!-- Day_43_Smart_Search.TC014_Startswith -->
