<?xml version="1.0" encoding="UTF-8"?>
<!-- Generated by org.testng.reporters.JUnitReportReporter -->
<testsuite skipped="0" hostname="DESKTOP-JDGVO00" name="Madhu_02.Amazon" tests="1" failures="0" timestamp="2021-03-16T13:15:08 IST" time="3.588" errors="0">
  <testcase name="Amazon" time="3.588" classname="Madhu_02.Amazon"/>
  <system-out/>
</testsuite> <!-- Madhu_02.Amazon -->
