<?xml version="1.0" encoding="UTF-8"?>
<!-- Generated by org.testng.reporters.JUnitReportReporter -->
<testsuite hostname="MALLIKARJUNA-PC" failures="0" tests="1" name="Day_022_Action_class.TC03_Context_Menu" time="9.538" errors="0" timestamp="2021-12-13T16:21:33 IST" skipped="0">
  <testcase classname="Day_022_Action_class.TC03_Context_Menu" name="Login_Test" time="9.538"/>
  <system-out/>
</testsuite> <!-- Day_022_Action_class.TC03_Context_Menu -->
