<?xml version="1.0" encoding="UTF-8"?>
<!-- Generated by org.testng.reporters.JUnitReportReporter -->
<testsuite skipped="0" hostname="DESKTOP-JDGVO00" name="Day_006_TestNG_DataProvider_Lab2.Test11" tests="1" failures="0" timestamp="2021-05-04T08:57:11 IST" time="0.737" errors="0">
  <testcase name="Test1" time="0.737" classname="Day_006_TestNG_DataProvider_Lab2.Test11"/>
  <system-out/>
</testsuite> <!-- Day_006_TestNG_DataProvider_Lab2.Test11 -->
