<?xml version="1.0" encoding="UTF-8"?>
<!-- Generated by org.testng.reporters.JUnitReportReporter -->
<testsuite skipped="0" hostname="DESKTOP-JDGVO00" name="SS.A" tests="1" failures="0" timestamp="2021-01-26T11:26:27 IST" time="14.116" errors="0">
  <testcase name="Login" time="14.116" classname="SS.A"/>
  <system-out/>
</testsuite> <!-- SS.A -->
