<?xml version="1.0" encoding="UTF-8"?>
<!-- Generated by org.testng.reporters.JUnitReportReporter -->
<testsuite skipped="0" hostname="DESKTOP-JDGVO00" name="FEB02_Day01.TC01_Add_Jobs" tests="1" failures="0" timestamp="2021-02-01T10:34:36 IST" time="18.714" errors="0">
  <testcase name="Add_Jobs" time="18.714" classname="FEB02_Day01.TC01_Add_Jobs"/>
  <system-out/>
</testsuite> <!-- FEB02_Day01.TC01_Add_Jobs -->
