<?xml version="1.0" encoding="UTF-8"?>
<!-- Generated by org.testng.reporters.JUnitReportReporter -->
<testsuite hostname="MALLIKARJUNA-PC" failures="0" tests="1" name="Day_003_Locators.TC08_tagName" time="8.464" errors="0" timestamp="2021-09-24T08:19:08 IST" skipped="0">
  <testcase classname="Day_003_Locators.TC08_tagName" name="Test2" time="8.464"/>
  <system-out/>
</testsuite> <!-- Day_003_Locators.TC08_tagName -->
