<?xml version="1.0" encoding="UTF-8"?>
<!-- Generated by org.testng.reporters.JUnitReportReporter -->
<testsuite skipped="0" hostname="DESKTOP-JDGVO00" name="File_upload123.Fileupload_java" tests="1" failures="0" timestamp="2021-02-19T12:24:16 IST" time="50.848" errors="0">
  <testcase name="File_upload" time="50.848" classname="File_upload123.Fileupload_java"/>
  <system-out/>
</testsuite> <!-- File_upload123.Fileupload_java -->
