<?xml version="1.0" encoding="UTF-8"?>
<!-- Generated by org.testng.reporters.JUnitReportReporter -->
<testsuite skipped="0" hostname="DESKTOP-JDGVO00" name="Day_39_Date_Time_Picker.Date_Picker" tests="1" failures="0" timestamp="2021-05-24T08:18:33 IST" time="14.156" errors="0">
  <testcase name="Test2" time="14.156" classname="Day_39_Date_Time_Picker.Date_Picker"/>
  <system-out/>
</testsuite> <!-- Day_39_Date_Time_Picker.Date_Picker -->
