<?xml version="1.0" encoding="UTF-8"?>
<!-- Generated by org.testng.reporters.JUnitReportReporter -->
<testsuite skipped="0" hostname="DESKTOP-JDGVO00" name="Day0056.TC01_Login" tests="1" failures="0" timestamp="2021-04-16T08:19:34 IST" time="13.604" errors="0">
  <testcase name="LoginTest" time="13.604" classname="Day0056.TC01_Login"/>
  <system-out/>
</testsuite> <!-- Day0056.TC01_Login -->
