<?xml version="1.0" encoding="UTF-8"?>
<!-- Generated by org.testng.reporters.JUnitReportReporter -->
<testsuite hostname="MALLIKARJUNA-PC" failures="0" tests="3" name="Day_013_InvocationCount.TC01_InvocationCount" time="68.801" errors="0" timestamp="2021-12-14T11:12:34 IST" skipped="0">
  <testcase classname="Day_013_InvocationCount.TC01_InvocationCount" name="Login" time="26.915"/>
  <system-out/>
  <testcase classname="Day_013_InvocationCount.TC01_InvocationCount" name="Login" time="20.836"/>
  <system-out/>
  <testcase classname="Day_013_InvocationCount.TC01_InvocationCount" name="Login" time="21.050"/>
  <system-out/>
</testsuite> <!-- Day_013_InvocationCount.TC01_InvocationCount -->
