<?xml version="1.0" encoding="UTF-8"?>
<!-- Generated by org.testng.reporters.JUnitReportReporter -->
<testsuite skipped="0" hostname="DESKTOP-JDGVO00" name="Madhu_01.NewTest" tests="1" failures="0" timestamp="2021-03-16T12:41:02 IST" time="16.138" errors="0">
  <testcase name="AddSkillsTest" time="16.138" classname="Madhu_01.NewTest"/>
  <system-out/>
</testsuite> <!-- Madhu_01.NewTest -->
