<?xml version="1.0" encoding="UTF-8"?>
<!-- Generated by org.testng.reporters.JUnitReportReporter -->
<testsuite skipped="0" hostname="DESKTOP-JDGVO00" name="Day_026_TakeScreenShot.Test5" tests="1" failures="0" timestamp="2021-05-10T08:55:14 IST" time="10.361" errors="0">
  <testcase name="AddNationalitiess" time="10.361" classname="Day_026_TakeScreenShot.Test5"/>
  <system-out/>
</testsuite> <!-- Day_026_TakeScreenShot.Test5 -->
