<?xml version="1.0" encoding="UTF-8"?>
<!-- Generated by org.testng.reporters.JUnitReportReporter -->
<testsuite skipped="0" hostname="DESKTOP-JDGVO00" name="Education_status.work_shift" tests="1" failures="0" timestamp="2021-01-26T11:05:13 IST" time="17.654" errors="0">
  <testcase name="AADINGSTATUS" time="17.654" classname="Education_status.work_shift"/>
  <system-out/>
</testsuite> <!-- Education_status.work_shift -->
