<?xml version="1.0" encoding="UTF-8"?>
<!-- Generated by org.testng.reporters.JUnitReportReporter -->
<testsuite skipped="0" hostname="DESKTOP-JDGVO00" name="EEE_Customer.Test2_Skills" tests="1" failures="0" timestamp="2021-03-16T13:00:33 IST" time="17.126" errors="0">
  <testcase name="AddSkillsTest" time="17.126" classname="EEE_Customer.Test2_Skills"/>
  <system-out/>
</testsuite> <!-- EEE_Customer.Test2_Skills -->
