<?xml version="1.0" encoding="UTF-8"?>
<!-- Generated by org.testng.reporters.JUnitReportReporter -->
<testsuite hostname="MALLIKARJUNA-PC" failures="0" tests="1" name="Day_37_BrokenLinks.BrokenLinks" time="21.385" errors="0" timestamp="2021-12-09T10:07:33 IST" skipped="0">
  <testcase classname="Day_37_BrokenLinks.BrokenLinks" name="Open_OrangeHRM" time="21.385"/>
  <system-out/>
</testsuite> <!-- Day_37_BrokenLinks.BrokenLinks -->
