<?xml version="1.0" encoding="UTF-8"?>
<!-- Generated by org.testng.reporters.JUnitReportReporter -->
<testsuite skipped="0" hostname="DESKTOP-JDGVO00" name="Day_002_Java.TC06_WebElement_isDisplayed" tests="1" failures="0" timestamp="2021-01-19T14:14:40 IST" time="7.738" errors="0">
  <testcase name="login_test" time="7.738" classname="Day_002_Java.TC06_WebElement_isDisplayed"/>
  <system-out/>
</testsuite> <!-- Day_002_Java.TC06_WebElement_isDisplayed -->
