<?xml version="1.0" encoding="UTF-8"?>
<!-- Generated by org.testng.reporters.JUnitReportReporter -->
<testsuite hostname="MALLIKARJUNA-PC" failures="0" tests="1" name="ABC_Demo5.TC01_Login_non_Parameters2" time="16.508" errors="0" timestamp="2021-11-08T10:34:03 IST" skipped="0">
  <testcase classname="ABC_Demo5.TC01_Login_non_Parameters2" name="loginTest" time="16.508"/>
  <system-out/>
</testsuite> <!-- ABC_Demo5.TC01_Login_non_Parameters2 -->
