<?xml version="1.0" encoding="UTF-8"?>
<!-- Generated by org.testng.reporters.JUnitReportReporter -->
<testsuite skipped="0" hostname="DESKTOP-JDGVO00" name="AAAA2.TEST1_SKILLS2" tests="1" failures="0" timestamp="2021-05-17T09:43:30 IST" time="14.963" errors="0">
  <testcase name="SkillsTest" time="14.963" classname="AAAA2.TEST1_SKILLS2"/>
  <system-out/>
</testsuite> <!-- AAAA2.TEST1_SKILLS2 -->
