<?xml version="1.0" encoding="UTF-8"?>
<!-- Generated by org.testng.reporters.JUnitReportReporter -->
<testsuite hostname="MALLIKARJUNA-PC" failures="0" tests="6" name="Day_017_Priorities_Test.TC01_Priority_Order" time="19.018" errors="0" timestamp="2021-09-22T21:11:46 IST" skipped="0">
  <testcase classname="Day_017_Priorities_Test.TC01_Priority_Order" name="Test1_OpenChromeBrowser" time="3.149"/>
  <system-out/>
  <testcase classname="Day_017_Priorities_Test.TC01_Priority_Order" name="Test2_OpenOrangeHRM" time="3.986"/>
  <system-out/>
  <testcase classname="Day_017_Priorities_Test.TC01_Priority_Order" name="Test3_Login" time="4.685"/>
  <system-out/>
  <testcase classname="Day_017_Priorities_Test.TC01_Priority_Order" name="Test4_Addnatialities" time="5.011"/>
  <system-out/>
  <testcase classname="Day_017_Priorities_Test.TC01_Priority_Order" name="Test5_Logout" time="1.549"/>
  <system-out/>
  <testcase classname="Day_017_Priorities_Test.TC01_Priority_Order" name="Test6_closebrowser" time="0.638"/>
  <system-out/>
</testsuite> <!-- Day_017_Priorities_Test.TC01_Priority_Order -->
