<?xml version="1.0" encoding="UTF-8"?>
<!-- Generated by org.testng.reporters.JUnitReportReporter -->
<testsuite skipped="0" hostname="DESKTOP-JDGVO00" name="Day_021_Java_Script_Executer.TC02_Send_Keys" tests="1" failures="0" timestamp="2021-05-01T08:43:23 IST" time="8.791" errors="0">
  <testcase name="Login" time="8.791" classname="Day_021_Java_Script_Executer.TC02_Send_Keys"/>
  <system-out/>
</testsuite> <!-- Day_021_Java_Script_Executer.TC02_Send_Keys -->
