<?xml version="1.0" encoding="UTF-8"?>
<!-- Generated by org.testng.reporters.JUnitReportReporter -->
<testsuite hostname="DESKTOP-09QDUHK" failures="0" tests="1" name="Day_028_WebTable_Examples.ExportEmployees" time="1.921" errors="0" timestamp="2021-06-21T14:58:17 IST" skipped="0">
  <testcase classname="Day_028_WebTable_Examples.ExportEmployees" name="ExportAllEmployees" time="1.921"/>
  <system-out/>
</testsuite> <!-- Day_028_WebTable_Examples.ExportEmployees -->
