<?xml version="1.0" encoding="UTF-8"?>
<!-- Generated by org.testng.reporters.JUnitReportReporter -->
<testsuite hostname="MALLIKARJUNA-PC" failures="0" tests="1" name="Day_020_Multiple_Windows.TC01_Open_New_Tab" time="11.194" errors="0" timestamp="2021-10-01T15:37:18 IST" skipped="0">
  <testcase classname="Day_020_Multiple_Windows.TC01_Open_New_Tab" name="Login_Test" time="11.194"/>
  <system-out/>
</testsuite> <!-- Day_020_Multiple_Windows.TC01_Open_New_Tab -->
