<?xml version="1.0" encoding="UTF-8"?>
<!-- Generated by org.testng.reporters.JUnitReportReporter -->
<testsuite skipped="0" hostname="DESKTOP-JDGVO00" name="Dayfeb_0004.TC001_LOGIN2_DataProvider2" tests="3" failures="0" timestamp="2021-02-06T10:14:25 IST" time="45.831" errors="0">
  <testcase name="AddJobsTest" time="14.106" classname="Dayfeb_0004.TC001_LOGIN2_DataProvider2"/>
  <system-out/>
  <testcase name="AddJobsTest" time="16.832" classname="Dayfeb_0004.TC001_LOGIN2_DataProvider2"/>
  <system-out/>
  <testcase name="AddJobsTest" time="14.893" classname="Dayfeb_0004.TC001_LOGIN2_DataProvider2"/>
  <system-out/>
</testsuite> <!-- Dayfeb_0004.TC001_LOGIN2_DataProvider2 -->
