<?xml version="1.0" encoding="UTF-8"?>
<!-- Generated by org.testng.reporters.JUnitReportReporter -->
<testsuite hostname="MALLIKARJUNA-PC" failures="0" tests="1" name="Day_029_PageObjectModel.TC01_Add_Customers" time="7.065" errors="0" timestamp="2021-10-05T16:05:11 IST" skipped="0">
  <testcase classname="Day_029_PageObjectModel.TC01_Add_Customers" name="Book_OneWay_Flight" time="7.065"/>
  <system-out/>
</testsuite> <!-- Day_029_PageObjectModel.TC01_Add_Customers -->
