<?xml version="1.0" encoding="UTF-8"?>
<!-- Generated by org.testng.reporters.JUnitReportReporter -->
<testsuite skipped="0" hostname="DESKTOP-JDGVO00" name="ABC_Demo1.TC01_Test2_Excel" tests="3" failures="0" timestamp="2021-02-23T08:59:22 IST" time="55.680" errors="0">
  <testcase name="AddSkillsTest" time="20.099" classname="ABC_Demo1.TC01_Test2_Excel"/>
  <system-out/>
  <testcase name="AddSkillsTest" time="18.226" classname="ABC_Demo1.TC01_Test2_Excel"/>
  <system-out/>
  <testcase name="AddSkillsTest" time="17.355" classname="ABC_Demo1.TC01_Test2_Excel"/>
  <system-out/>
</testsuite> <!-- ABC_Demo1.TC01_Test2_Excel -->
