<?xml version="1.0" encoding="UTF-8"?>
<!-- Generated by org.testng.reporters.JUnitReportReporter -->
<testsuite skipped="0" hostname="DESKTOP-JDGVO00" name="Day_033_TestNG_Annotations.AllTests" tests="1" failures="0" timestamp="2021-05-11T08:55:08 IST" time="0.006" errors="0">
  <testcase name="Test4" time="0.006" classname="Day_033_TestNG_Annotations.AllTests"/>
  <system-out/>
</testsuite> <!-- Day_033_TestNG_Annotations.AllTests -->
