<?xml version="1.0" encoding="UTF-8"?>
<!-- Generated by org.testng.reporters.JUnitReportReporter -->
<testsuite skipped="0" hostname="DESKTOP-JDGVO00" name="Day_004_Dropdown.TC01_Add_Locations" tests="1" failures="0" timestamp="2021-02-05T12:07:06 IST" time="18.002" errors="0">
  <testcase name="AddLocationsTest" time="18.002" classname="Day_004_Dropdown.TC01_Add_Locations"/>
  <system-out/>
</testsuite> <!-- Day_004_Dropdown.TC01_Add_Locations -->
