<?xml version="1.0" encoding="UTF-8"?>
<!-- Generated by org.testng.reporters.JUnitReportReporter -->
<testsuite skipped="0" hostname="DESKTOP-JDGVO00" name="Dayfeb_0004.TC001_LOGIN2_DataProvider" tests="3" failures="0" timestamp="2021-02-06T10:06:38 IST" time="46.027" errors="0">
  <testcase name="AddJobsTest" time="15.416" classname="Dayfeb_0004.TC001_LOGIN2_DataProvider"/>
  <system-out/>
  <testcase name="AddJobsTest" time="15.743" classname="Dayfeb_0004.TC001_LOGIN2_DataProvider"/>
  <system-out/>
  <testcase name="AddJobsTest" time="14.868" classname="Dayfeb_0004.TC001_LOGIN2_DataProvider"/>
  <system-out/>
</testsuite> <!-- Dayfeb_0004.TC001_LOGIN2_DataProvider -->
