<?xml version="1.0" encoding="UTF-8"?>
<!-- Generated by org.testng.reporters.JUnitReportReporter -->
<testsuite skipped="0" hostname="DESKTOP-JDGVO00" name="subha.subha_login_nonstatic" tests="1" failures="0" timestamp="2021-01-23T14:31:13 IST" time="26.403" errors="0">
  <testcase name="loginnonstatic" time="26.403" classname="subha.subha_login_nonstatic"/>
  <system-out/>
</testsuite> <!-- subha.subha_login_nonstatic -->
