<?xml version="1.0" encoding="UTF-8"?>
<!-- Generated by org.testng.reporters.JUnitReportReporter -->
<testsuite skipped="0" hostname="DESKTOP-JDGVO00" name="Day0056.TC01_Skills2" tests="1" failures="0" timestamp="2021-04-16T08:45:33 IST" time="14.837" errors="0">
  <testcase name="SkillsTest" time="14.837" classname="Day0056.TC01_Skills2"/>
  <system-out/>
</testsuite> <!-- Day0056.TC01_Skills2 -->
