<?xml version="1.0" encoding="UTF-8"?>
<!-- Generated by org.testng.reporters.JUnitReportReporter -->
<testsuite hostname="MALLIKARJUNA-PC" failures="0" tests="1" name="Day_003_Locators.TC03_xpath2" time="16.281" errors="0" timestamp="2021-09-22T21:16:18 IST" skipped="0">
  <testcase classname="Day_003_Locators.TC03_xpath2" name="Test2" time="16.281"/>
  <system-out/>
</testsuite> <!-- Day_003_Locators.TC03_xpath2 -->
