<?xml version="1.0" encoding="UTF-8"?>
<!-- Generated by org.testng.reporters.JUnitReportReporter -->
<testsuite skipped="0" hostname="DESKTOP-JDGVO00" name="Day_025_ExcelUtil_Apache_POI.TC01_Excel_Test_xls" tests="1" failures="0" timestamp="2021-01-26T08:32:09 IST" time="14.356" errors="0">
  <testcase name="hello" time="14.356" classname="Day_025_ExcelUtil_Apache_POI.TC01_Excel_Test_xls"/>
  <system-out/>
</testsuite> <!-- Day_025_ExcelUtil_Apache_POI.TC01_Excel_Test_xls -->
