<?xml version="1.0" encoding="UTF-8"?>
<!-- Generated by org.testng.reporters.JUnitReportReporter -->
<testsuite skipped="0" hostname="DESKTOP-JDGVO00" name="SKILLS.Test1_Jobs_Methods" tests="1" failures="0" timestamp="2021-02-16T09:18:44 IST" time="16.851" errors="0">
  <testcase name="AddJobs" time="16.851" classname="SKILLS.Test1_Jobs_Methods"/>
  <system-out/>
</testsuite> <!-- SKILLS.Test1_Jobs_Methods -->
