<?xml version="1.0" encoding="UTF-8"?>
<!-- Generated by org.testng.reporters.JUnitReportReporter -->
<testsuite hostname="MALLIKARJUNA-PC" failures="0" tests="1" name="Day_011_Katalon_Recorder.TC01_login" time="17.647" errors="0" timestamp="2021-10-03T21:54:29 IST" skipped="0">
  <testcase classname="Day_011_Katalon_Recorder.TC01_login" name="testTC06NATIONA" time="17.647"/>
  <system-out/>
</testsuite> <!-- Day_011_Katalon_Recorder.TC01_login -->
