<?xml version="1.0" encoding="UTF-8"?>
<!-- Generated by org.testng.reporters.JUnitReportReporter -->
<testsuite skipped="0" hostname="DESKTOP-JDGVO00" name="Day02_Feb02_2020.TC01_Add_Skills2_DataProvider" tests="2" failures="0" timestamp="2021-02-07T10:23:22 IST" time="34.920" errors="0">
  <testcase name="Add_Skills" time="18.003" classname="Day02_Feb02_2020.TC01_Add_Skills2_DataProvider"/>
  <system-out/>
  <testcase name="Add_Skills" time="16.917" classname="Day02_Feb02_2020.TC01_Add_Skills2_DataProvider"/>
  <system-out/>
</testsuite> <!-- Day02_Feb02_2020.TC01_Add_Skills2_DataProvider -->
