<?xml version="1.0" encoding="UTF-8"?>
<!-- Generated by org.testng.reporters.JUnitReportReporter -->
<testsuite hostname="MALLIKARJUNA-PC" failures="0" tests="2" name="Day_005_TestNG_DataProvider_Lab1.TC03_Login_Static_Paarameters" time="32.565" errors="0" timestamp="2021-09-25T15:19:21 IST" skipped="0">
  <testcase classname="Day_005_TestNG_DataProvider_Lab1.TC03_Login_Static_Paarameters" name="Login_Test" time="16.696"/>
  <system-out/>
  <testcase classname="Day_005_TestNG_DataProvider_Lab1.TC03_Login_Static_Paarameters" name="Login_Test" time="15.869"/>
  <system-out/>
</testsuite> <!-- Day_005_TestNG_DataProvider_Lab1.TC03_Login_Static_Paarameters -->
