<?xml version="1.0" encoding="UTF-8"?>
<!-- Generated by org.testng.reporters.JUnitReportReporter -->
<testsuite skipped="0" hostname="DESKTOP-JDGVO00" name="Customer.TC01_Add_Skills_Parameters" tests="1" failures="0" timestamp="2021-02-17T09:05:34 IST" time="41.590" errors="0">
  <testcase name="AddSkillsTest" time="41.590" classname="Customer.TC01_Add_Skills_Parameters"/>
  <system-out/>
</testsuite> <!-- Customer.TC01_Add_Skills_Parameters -->
