<?xml version="1.0" encoding="UTF-8"?>
<!-- Generated by org.testng.reporters.JUnitReportReporter -->
<testsuite skipped="0" hostname="DESKTOP-JDGVO00" name="Customer.TC01_Login" tests="1" failures="0" timestamp="2021-01-30T10:28:05 IST" time="12.486" errors="0">
  <testcase name="Login" time="12.486" classname="Customer.TC01_Login"/>
  <system-out/>
</testsuite> <!-- Customer.TC01_Login -->
