<?xml version="1.0" encoding="UTF-8"?>
<!-- Generated by org.testng.reporters.JUnitReportReporter -->
<testsuite skipped="0" hostname="DESKTOP-JDGVO00" name="AAAA1.Test124" tests="1" failures="0" timestamp="2021-05-18T09:27:34 IST" time="15.206" errors="0">
  <testcase name="LoginTest" time="15.206" classname="AAAA1.Test124"/>
  <system-out/>
</testsuite> <!-- AAAA1.Test124 -->
