<?xml version="1.0" encoding="UTF-8"?>
<!-- Generated by org.testng.reporters.JUnitReportReporter -->
<testsuite skipped="0" hostname="DESKTOP-JDGVO00" name="subha.subha_login" tests="1" failures="0" timestamp="2021-01-23T14:10:14 IST" time="20.869" errors="0">
  <testcase name="LoginTest" time="20.869" classname="subha.subha_login"/>
  <system-out/>
</testsuite> <!-- subha.subha_login -->
