<?xml version="1.0" encoding="UTF-8"?>
<!-- Generated by org.testng.reporters.JUnitReportReporter -->
<testsuite skipped="0" hostname="DESKTOP-JDGVO00" name="Day_002_Java.TC02_Login_Static" tests="1" failures="0" timestamp="2021-02-03T13:32:18 IST" time="18.000" errors="0">
  <testcase name="Login_Test" time="18.000" classname="Day_002_Java.TC02_Login_Static"/>
  <system-out/>
</testsuite> <!-- Day_002_Java.TC02_Login_Static -->
