<?xml version="1.0" encoding="UTF-8"?>
<!-- Generated by org.testng.reporters.JUnitReportReporter -->
<testsuite hostname="MALLIKARJUNA-PC" failures="0" tests="1" name="Day_026_TakeScreenShot.Test1" time="17.610" errors="0" timestamp="2021-12-03T12:11:59 IST" skipped="0">
  <testcase classname="Day_026_TakeScreenShot.Test1" name="TC01_Report_Test" time="17.610"/>
  <system-out/>
</testsuite> <!-- Day_026_TakeScreenShot.Test1 -->
