<?xml version="1.0" encoding="UTF-8"?>
<!-- Generated by org.testng.reporters.JUnitReportReporter -->
<testsuite skipped="0" hostname="DESKTOP-JDGVO00" name="AAA1_Prodcuts.TC01_Skills" tests="1" failures="0" timestamp="2021-03-10T11:15:40 IST" time="11.119" errors="0">
  <testcase name="SkillsTest" time="11.119" classname="AAA1_Prodcuts.TC01_Skills"/>
  <system-out/>
</testsuite> <!-- AAA1_Prodcuts.TC01_Skills -->
