<?xml version="1.0" encoding="UTF-8"?>
<!-- Generated by org.testng.reporters.JUnitReportReporter -->
<testsuite skipped="0" hostname="DESKTOP-JDGVO00" name="DAY01_FEB19.TC01_Test2_Methods_Parameter" tests="3" failures="0" timestamp="2021-02-22T08:52:53 IST" time="44.817" errors="0">
  <testcase name="Test1_Login" time="14.077" classname="DAY01_FEB19.TC01_Test2_Methods_Parameter"/>
  <system-out/>
  <testcase name="Test1_Login" time="13.566" classname="DAY01_FEB19.TC01_Test2_Methods_Parameter"/>
  <system-out/>
  <testcase name="Test1_Login" time="17.174" classname="DAY01_FEB19.TC01_Test2_Methods_Parameter"/>
  <system-out/>
</testsuite> <!-- DAY01_FEB19.TC01_Test2_Methods_Parameter -->
