<?xml version="1.0" encoding="UTF-8"?>
<!-- Generated by org.testng.reporters.JUnitReportReporter -->
<testsuite skipped="0" hostname="DESKTOP-JDGVO00" name="DAY001_Feb4.TC01_Test2_DataProvider" tests="3" failures="0" timestamp="2021-02-05T10:30:31 IST" time="50.645" errors="0">
  <testcase name="AddSkillsTest" time="15.962" classname="DAY001_Feb4.TC01_Test2_DataProvider"/>
  <system-out/>
  <testcase name="AddSkillsTest" time="16.704" classname="DAY001_Feb4.TC01_Test2_DataProvider"/>
  <system-out/>
  <testcase name="AddSkillsTest" time="17.979" classname="DAY001_Feb4.TC01_Test2_DataProvider"/>
  <system-out/>
</testsuite> <!-- DAY001_Feb4.TC01_Test2_DataProvider -->
