<?xml version="1.0" encoding="UTF-8"?>
<!-- Generated by org.testng.reporters.JUnitReportReporter -->
<testsuite skipped="0" hostname="DESKTOP-JDGVO00" name="AAAA_Products1.Test5" tests="1" failures="0" timestamp="2021-03-11T11:24:43 IST" time="11.953" errors="0">
  <testcase name="Test5_login" time="11.953" classname="AAAA_Products1.Test5"/>
  <system-out/>
</testsuite> <!-- AAAA_Products1.Test5 -->
