<?xml version="1.0" encoding="UTF-8"?>
<!-- Generated by org.testng.reporters.JUnitReportReporter -->
<testsuite hostname="MALLIKARJUNA-PC" failures="0" tests="1" name="Day_010_Custimize_EmailableReport_Lab1.TC01_Skills" time="13.677" errors="0" timestamp="2021-10-03T21:51:53 IST" skipped="0">
  <testcase classname="Day_010_Custimize_EmailableReport_Lab1.TC01_Skills" name="TC01_Report_Test" time="13.677"/>
  <system-out>
    <![CDATA[<table> <tr >  <img   style="border:1px solid black;"      src="C:\HTML Report\HtmlTemplates\Logo.JPEG"></tr><tr   ><center><font color="red"  size="15" >TC01_Login</font></center></tr><tr bgcolor="#9370DB"> <th width="100px"> <center><font color="white"  size="4" >Steps</font></center><font color="white"  size="4" ></font></center> </th> <th width="450px" ><center><font color="white"  size="4" >Details </font> </center></th> <th width="100px" ><center><font color="white"  size="4" >Status</font></center></th>  <th  width="250px"  ><center><font color="white"  size="4" >Screen Shots</font></center></th> <th width="250px"  ><center><font color="white"  size="4" >Date & Time</font></center></th>  </tr>       
 <tr bgcolor="#eee"> <th width="100px"> <center>Step&nbsp;1</center> </th> <th width="450px" ><center><b><font color='black'>   Opened Orange HRM</b> </font></center></th> <th width="100px" ><center><img src='file:///C:\HTML Report\HtmlTemplates\passed.ico'    +     "width="30" + height="30"></img></center></th>  <th  width="250px"  ><center><a href=C:/HTML Report/test-output/TempScreenShots/TC01_Login_2021_Oct_03_9_51_43_172_PM/03_Oct_2021 9_51_47_304 PM.png target="popup" onclick="window.open('C:/HTML Report/test-output/TempScreenShots/TC01_Login_2021_Oct_03_9_51_43_172_PM/03_Oct_2021 9_51_47_304 PM.png','popup','width=600,height=600'); return false;"> ScreenShot</a> </center></th> <th width="250px"  ><center>2021_Oct_03_9_51_47_529_PM</center></th>  </tr>      
 <tr bgcolor="#ddd"> <th width="100px"> <center>Step&nbsp;2</center> </th> <th width="450px" ><center><b><font color='black'>   Username Entered</b> </font></center></th> <th width="100px" ><center><img src='file:///C:\HTML Report\HtmlTemplates\passed.ico'    +     "width="30" + height="30"></img></center></th>  <th  width="250px"  ><center><a href=C:/HTML Report/test-output/TempScreenShots/TC01_Login_2021_Oct_03_9_51_43_172_PM/03_Oct_2021 9_51_47_673 PM.png target="popup" onclick="window.open('C:/HTML Report/test-output/TempScreenShots/TC01_Login_2021_Oct_03_9_51_43_172_PM/03_Oct_2021 9_51_47_673 PM.png','popup','width=600,height=600'); return false;"> ScreenShot</a> </center></th> <th width="250px"  ><center>2021_Oct_03_9_51_47_911_PM</center></th>  </tr>      
 <tr bgcolor="#eee"> <th width="100px"> <center>Step&nbsp;3</center> </th> <th width="450px" ><center><b><font color='black'>   Password Entered</b> </font></center></th> <th width="100px" ><center><img src='file:///C:\HTML Report\HtmlTemplates\passed.ico'    +     "width="30" + height="30"></img></center></th>  <th  width="250px"  ><center><a href=C:/HTML Report/test-output/TempScreenShots/TC01_Login_2021_Oct_03_9_51_43_172_PM/03_Oct_2021 9_51_48_006 PM.png target="popup" onclick="window.open('C:/HTML Report/test-output/TempScreenShots/TC01_Login_2021_Oct_03_9_51_43_172_PM/03_Oct_2021 9_51_48_006 PM.png','popup','width=600,height=600'); return false;"> ScreenShot</a> </center></th> <th width="250px"  ><center>2021_Oct_03_9_51_48_217_PM</center></th>  </tr>      
 <tr bgcolor="#ddd"> <th width="100px"> <center>Step&nbsp;4</center> </th> <th width="450px" ><center><b><font color='black'>   Clicked on Signin</b> </font></center></th> <th width="100px" ><center><img src='file:///C:\HTML Report\HtmlTemplates\failed.ico'    +     "width="30" + height="30"></img></center></th>  <th  width="250px"  ><center><a href=C:/HTML Report/test-output/TempScreenShots/TC01_Login_2021_Oct_03_9_51_43_172_PM/03_Oct_2021 9_51_51_331 PM.png target="popup" onclick="window.open('C:/HTML Report/test-output/TempScreenShots/TC01_Login_2021_Oct_03_9_51_43_172_PM/03_Oct_2021 9_51_51_331 PM.png','popup','width=600,height=600'); return false;"> ScreenShot</a> </center></th> <th width="250px"  ><center>2021_Oct_03_9_51_53_424_PM</center></th>  </tr>      ]]>
  </system-out>
</testsuite> <!-- Day_010_Custimize_EmailableReport_Lab1.TC01_Skills -->
