<?xml version="1.0" encoding="UTF-8"?>
<!-- Generated by org.testng.reporters.JUnitReportReporter -->
<testsuite skipped="0" hostname="DESKTOP-JDGVO00" name="DAY001_Feb4.TC01_Test2_Parameter" tests="1" failures="0" timestamp="2021-02-04T10:26:11 IST" time="18.335" errors="0">
  <testcase name="AddSkillsTest" time="18.335" classname="DAY001_Feb4.TC01_Test2_Parameter"/>
  <system-out/>
</testsuite> <!-- DAY001_Feb4.TC01_Test2_Parameter -->
