<?xml version="1.0" encoding="UTF-8"?>
<!-- Generated by org.testng.reporters.JUnitReportReporter -->
<testsuite skipped="0" hostname="DESKTOP-JDGVO00" name="SKILLS.Test1_Jobs" tests="1" failures="0" timestamp="2021-02-16T09:05:19 IST" time="15.219" errors="0">
  <testcase name="AddJobs" time="15.219" classname="SKILLS.Test1_Jobs"/>
  <system-out/>
</testsuite> <!-- SKILLS.Test1_Jobs -->
