<?xml version="1.0" encoding="UTF-8"?>
<!-- Generated by org.testng.reporters.JUnitReportReporter -->
<testsuite skipped="1" hostname="DESKTOP-JDGVO00" name="Day_002_Java.TC03_Login_Static_Paarameters" tests="1" failures="0" timestamp="2021-02-07T12:55:38 IST" time="0.000" errors="0">
  <testcase name="Login_Test" time="0.000" classname="Day_002_Java.TC03_Login_Static_Paarameters">
    <skipped/>
  </testcase> <!-- Login_Test -->
  <system-out/>
</testsuite> <!-- Day_002_Java.TC03_Login_Static_Paarameters -->
