<?xml version="1.0" encoding="UTF-8"?>
<!-- Generated by org.testng.reporters.JUnitReportReporter -->
<testsuite hostname="MALLIKARJUNA-PC" failures="0" tests="1" name="ABC_Demo5.TC01_Login_DataProvider2" time="0.000" errors="0" timestamp="2021-09-23T10:53:50 IST" skipped="1">
  <testcase classname="ABC_Demo5.TC01_Login_DataProvider2" name="loginTest" time="0.000">
    <skipped/>
  </testcase> <!-- loginTest -->
  <system-out/>
</testsuite> <!-- ABC_Demo5.TC01_Login_DataProvider2 -->
