<?xml version="1.0" encoding="UTF-8"?>
<!-- Generated by org.testng.reporters.JUnitReportReporter -->
<testsuite hostname="MALLIKARJUNA-PC" failures="0" tests="1" name="Day_019_Frames.FrameByIndex" time="6.575" errors="0" timestamp="2021-10-01T14:27:52 IST" skipped="0">
  <testcase classname="Day_019_Frames.FrameByIndex" name="Login_Test" time="6.575"/>
  <system-out/>
</testsuite> <!-- Day_019_Frames.FrameByIndex -->
