<?xml version="1.0" encoding="UTF-8"?>
<!-- Generated by org.testng.reporters.JUnitReportReporter -->
<testsuite skipped="0" hostname="DESKTOP-JDGVO00" name="AAAA_Customers.TC01_Login" tests="1" failures="0" timestamp="2021-04-19T08:26:15 IST" time="14.103" errors="0">
  <testcase name="Login_Test" time="14.103" classname="AAAA_Customers.TC01_Login"/>
  <system-out/>
</testsuite> <!-- AAAA_Customers.TC01_Login -->
