<?xml version="1.0" encoding="UTF-8"?>
<!-- Generated by org.testng.reporters.JUnitReportReporter -->
<testsuite skipped="0" hostname="DESKTOP-JDGVO00" name="AAAA1.Test123" tests="1" failures="0" timestamp="2021-05-18T09:15:14 IST" time="13.417" errors="0">
  <testcase name="LoginTest" time="13.417" classname="AAAA1.Test123"/>
  <system-out/>
</testsuite> <!-- AAAA1.Test123 -->
