<?xml version="1.0" encoding="UTF-8"?>
<!-- Generated by org.testng.reporters.JUnitReportReporter -->
<testsuite hostname="MALLIKARJUNA-PC" failures="0" tests="1" name="Day_003_Locators.TC07_className" time="12.756" errors="0" timestamp="2021-09-22T21:17:21 IST" skipped="0">
  <testcase classname="Day_003_Locators.TC07_className" name="Test2" time="12.756"/>
  <system-out/>
</testsuite> <!-- Day_003_Locators.TC07_className -->
