<?xml version="1.0" encoding="UTF-8"?>
<!-- Generated by org.testng.reporters.JUnitReportReporter -->
<testsuite skipped="0" hostname="DESKTOP-JDGVO00" name="subha.subha_staticdataprovider" tests="3" failures="0" timestamp="2021-01-23T15:32:37 IST" time="78.205" errors="0">
  <testcase name="Test1" time="26.125" classname="subha.subha_staticdataprovider"/>
  <system-out/>
  <testcase name="Test1" time="27.106" classname="subha.subha_staticdataprovider"/>
  <system-out/>
  <testcase name="Test1" time="24.974" classname="subha.subha_staticdataprovider"/>
  <system-out/>
</testsuite> <!-- subha.subha_staticdataprovider -->
