<?xml version="1.0" encoding="UTF-8"?>
<!-- Generated by org.testng.reporters.JUnitReportReporter -->
<testsuite skipped="0" hostname="DESKTOP-JDGVO00" name="ADDJOBS.TC01_ADDJOBS" tests="1" failures="0" timestamp="2021-01-27T11:55:46 IST" time="20.351" errors="0">
  <testcase name="login_test" time="20.351" classname="ADDJOBS.TC01_ADDJOBS"/>
  <system-out/>
</testsuite> <!-- ADDJOBS.TC01_ADDJOBS -->
