<?xml version="1.0" encoding="UTF-8"?>
<!-- Generated by org.testng.reporters.JUnitReportReporter -->
<testsuite skipped="0" hostname="DESKTOP-JDGVO00" name="AAA.TC01_Add_jobs_Parameters_static" tests="1" failures="0" timestamp="2021-05-19T09:35:10 IST" time="14.033" errors="0">
  <testcase name="AddJobs" time="14.033" classname="AAA.TC01_Add_jobs_Parameters_static"/>
  <system-out/>
</testsuite> <!-- AAA.TC01_Add_jobs_Parameters_static -->
