<?xml version="1.0" encoding="UTF-8"?>
<!-- Generated by org.testng.reporters.JUnitReportReporter -->
<testsuite skipped="0" hostname="DESKTOP-JDGVO00" name="DAY0001.TC01_Add_Jobs_Metods" tests="1" failures="0" timestamp="2021-02-20T08:51:55 IST" time="14.655" errors="0">
  <testcase name="Add_Jobs_test" time="14.655" classname="DAY0001.TC01_Add_Jobs_Metods"/>
  <system-out/>
</testsuite> <!-- DAY0001.TC01_Add_Jobs_Metods -->
