<?xml version="1.0" encoding="UTF-8"?>
<!-- Generated by org.testng.reporters.JUnitReportReporter -->
<testsuite skipped="0" hostname="DESKTOP-JDGVO00" name="Day_031_EventFiring_WebDriver.TC01_Web_Element_Border" tests="1" failures="0" timestamp="2021-05-12T08:22:57 IST" time="10.897" errors="0">
  <testcase name="Login_Test" time="10.897" classname="Day_031_EventFiring_WebDriver.TC01_Web_Element_Border"/>
  <system-out/>
</testsuite> <!-- Day_031_EventFiring_WebDriver.TC01_Web_Element_Border -->
