<?xml version="1.0" encoding="UTF-8"?>
<!-- Generated by org.testng.reporters.JUnitReportReporter -->
<testsuite skipped="0" hostname="DESKTOP-JDGVO00" name="Day_011_Katalon_Recorder.NewTest112" tests="1" failures="0" timestamp="2021-02-10T11:53:06 IST" time="20.399" errors="0">
  <testcase name="testNewTest112" time="20.399" classname="Day_011_Katalon_Recorder.NewTest112"/>
  <system-out/>
</testsuite> <!-- Day_011_Katalon_Recorder.NewTest112 -->
