<?xml version="1.0" encoding="UTF-8"?>
<!-- Generated by org.testng.reporters.JUnitReportReporter -->
<testsuite skipped="0" hostname="DESKTOP-JDGVO00" name="Customers1.TC01_Add_Jobs" tests="1" failures="0" timestamp="2021-02-17T09:13:54 IST" time="16.849" errors="0">
  <testcase name="Add_Jobs" time="16.849" classname="Customers1.TC01_Add_Jobs"/>
  <system-out/>
</testsuite> <!-- Customers1.TC01_Add_Jobs -->
