<?xml version="1.0" encoding="UTF-8"?>
<!-- Generated by org.testng.reporters.JUnitReportReporter -->
<testsuite skipped="0" hostname="DESKTOP-JDGVO00" name="Day001_Jan29.TC01_Login" tests="1" failures="0" timestamp="2021-01-29T10:48:52 IST" time="18.529" errors="0">
  <testcase name="Login" time="18.529" classname="Day001_Jan29.TC01_Login"/>
  <system-out/>
</testsuite> <!-- Day001_Jan29.TC01_Login -->
