<?xml version="1.0" encoding="UTF-8"?>
<!-- Generated by org.testng.reporters.JUnitReportReporter -->
<testsuite skipped="0" hostname="DESKTOP-JDGVO00" name="Day_003_Locators.TC03_xpath3" tests="1" failures="0" timestamp="2021-03-01T08:50:21 IST" time="12.431" errors="0">
  <testcase name="Test2" time="12.431" classname="Day_003_Locators.TC03_xpath3"/>
  <system-out/>
</testsuite> <!-- Day_003_Locators.TC03_xpath3 -->
