<?xml version="1.0" encoding="UTF-8"?>
<!-- Generated by org.testng.reporters.JUnitReportReporter -->
<testsuite skipped="0" hostname="DESKTOP-JDGVO00" name="Day_027_Alerts.AlertDemo" tests="1" failures="0" timestamp="2021-05-10T09:01:42 IST" time="25.547" errors="0">
  <testcase name="testWebAlert" time="25.547" classname="Day_027_Alerts.AlertDemo"/>
  <system-out/>
</testsuite> <!-- Day_027_Alerts.AlertDemo -->
