<?xml version="1.0" encoding="UTF-8"?>
<!-- Generated by org.testng.reporters.JUnitReportReporter -->
<testsuite skipped="0" hostname="DESKTOP-JDGVO00" name="Day_41_Method_OverLoading.TC01_Test" tests="2" failures="0" timestamp="2021-05-24T08:25:32 IST" time="54.486" errors="0">
  <testcase name="Test1" time="21.175" classname="Day_41_Method_OverLoading.TC01_Test"/>
  <system-out/>
  <testcase name="Test1" time="33.311" classname="Day_41_Method_OverLoading.TC01_Test"/>
  <system-out/>
</testsuite> <!-- Day_41_Method_OverLoading.TC01_Test -->
