<?xml version="1.0" encoding="UTF-8"?>
<!-- Generated by org.testng.reporters.JUnitReportReporter -->
<testsuite skipped="0" hostname="DESKTOP-JDGVO00" name="AAA1_DataProvider.TC01_Login_Parameters" tests="3" failures="0" timestamp="2021-04-26T08:19:40 IST" time="41.322" errors="0">
  <testcase name="Login_Test" time="14.551" classname="AAA1_DataProvider.TC01_Login_Parameters"/>
  <system-out/>
  <testcase name="Login_Test" time="13.524" classname="AAA1_DataProvider.TC01_Login_Parameters"/>
  <system-out/>
  <testcase name="Login_Test" time="13.247" classname="AAA1_DataProvider.TC01_Login_Parameters"/>
  <system-out/>
</testsuite> <!-- AAA1_DataProvider.TC01_Login_Parameters -->
