<?xml version="1.0" encoding="UTF-8"?>
<!-- Generated by org.testng.reporters.JUnitReportReporter -->
<testsuite skipped="0" hostname="DESKTOP-JDGVO00" name="Day_003_Locators.TC05_partialLinkText" tests="1" failures="0" timestamp="2021-03-19T13:25:29 IST" time="13.153" errors="0">
  <testcase name="testTC02" time="13.153" classname="Day_003_Locators.TC05_partialLinkText"/>
  <system-out/>
</testsuite> <!-- Day_003_Locators.TC05_partialLinkText -->
