<?xml version="1.0" encoding="UTF-8"?>
<!-- Generated by org.testng.reporters.JUnitReportReporter -->
<testsuite skipped="0" hostname="DESKTOP-JDGVO00" name="subha.subha_static_login" tests="1" failures="0" timestamp="2021-01-23T14:38:08 IST" time="24.280" errors="0">
  <testcase name="staticlogin" time="24.280" classname="subha.subha_static_login"/>
  <system-out/>
</testsuite> <!-- subha.subha_static_login -->
