<?xml version="1.0" encoding="UTF-8"?>
<!-- Generated by org.testng.reporters.JUnitReportReporter -->
<testsuite skipped="0" hostname="DESKTOP-JDGVO00" name="Day_030_Page_Factory.TC01_Add_Nationalities" tests="1" failures="0" timestamp="2021-05-07T08:50:40 IST" time="9.463" errors="0">
  <testcase name="Book_OneWay_Flight" time="9.463" classname="Day_030_Page_Factory.TC01_Add_Nationalities"/>
  <system-out/>
</testsuite> <!-- Day_030_Page_Factory.TC01_Add_Nationalities -->
