<?xml version="1.0" encoding="UTF-8"?>
<!-- Generated by org.testng.reporters.JUnitReportReporter -->
<testsuite skipped="0" hostname="DESKTOP-JDGVO00" name="subha.subha_loginstaticparameter" tests="1" failures="0" timestamp="2021-01-23T14:50:09 IST" time="27.172" errors="0">
  <testcase name="loginstaticparameter" time="27.172" classname="subha.subha_loginstaticparameter"/>
  <system-out/>
</testsuite> <!-- subha.subha_loginstaticparameter -->
