<?xml version="1.0" encoding="UTF-8"?>
<!-- Generated by org.testng.reporters.JUnitReportReporter -->
<testsuite skipped="0" hostname="DESKTOP-JDGVO00" name="Dayfeb_0004.TC001_LOGIN2_DataProvider3" tests="3" failures="0" timestamp="2021-02-06T10:34:37 IST" time="77.861" errors="0">
  <testcase name="AddJobsTest" time="33.340" classname="Dayfeb_0004.TC001_LOGIN2_DataProvider3"/>
  <system-out/>
  <testcase name="AddJobsTest" time="32.025" classname="Dayfeb_0004.TC001_LOGIN2_DataProvider3"/>
  <system-out/>
  <testcase name="AddJobsTest" time="12.496" classname="Dayfeb_0004.TC001_LOGIN2_DataProvider3"/>
  <system-out/>
</testsuite> <!-- Dayfeb_0004.TC001_LOGIN2_DataProvider3 -->
