<?xml version="1.0" encoding="UTF-8"?>
<!-- Generated by org.testng.reporters.JUnitReportReporter -->
<testsuite skipped="0" hostname="DESKTOP-JDGVO00" name="day_02_feb2.java_002" tests="1" failures="0" timestamp="2021-02-02T12:18:32 IST" time="19.712" errors="0">
  <testcase name="LoginTest" time="19.712" classname="day_02_feb2.java_002"/>
  <system-out/>
</testsuite> <!-- day_02_feb2.java_002 -->
