<?xml version="1.0" encoding="UTF-8"?>
<!-- Generated by org.testng.reporters.JUnitReportReporter -->
<testsuite hostname="MALLIKARJUNA-PC" failures="0" tests="1" name="AAAA_10.Test1_Login_Methods_Paarmeters" time="16.944" errors="0" timestamp="2021-11-03T21:37:31 IST" skipped="0">
  <testcase classname="AAAA_10.Test1_Login_Methods_Paarmeters" name="LoginTest" time="16.944"/>
  <system-out/>
</testsuite> <!-- AAAA_10.Test1_Login_Methods_Paarmeters -->
